This is pdfTeX, Version 3.1415926-2.5-1.40.14 (MiKTeX 2.9 64-bit) (preloaded format=pdflatex 2015.1.31)  19 APR 2016 12:06
entering extended mode
**ThesisMainFile.tex

("C:\Users\Jie\Documents\GitHub\Thesis\Jie_Thesis - Monograph\ThesisMainFile.te
x"
LaTeX2e <2011/06/27>
Babel <v3.8m> and hyphenation patterns for english, afrikaans, ancientgreek, ar
abic, armenian, assamese, basque, bengali, bokmal, bulgarian, catalan, coptic, 
croatian, czech, danish, dutch, esperanto, estonian, farsi, finnish, french, ga
lician, german, german-x-2013-05-26, greek, gujarati, hindi, hungarian, iceland
ic, indonesian, interlingua, irish, italian, kannada, kurmanji, latin, latvian,
 lithuanian, malayalam, marathi, mongolian, mongolianlmc, monogreek, ngerman, n
german-x-2013-05-26, nynorsk, oriya, panjabi, pinyin, polish, portuguese, roman
ian, russian, sanskrit, serbian, slovak, slovenian, spanish, swedish, swissgerm
an, tamil, telugu, turkish, turkmen, ukenglish, ukrainian, uppersorbian, usengl
ishmax, welsh, loaded.
(C:\Jie\software\MiKTeX\tex\latex\base\report.cls
Document Class: report 2007/10/19 v1.4h Standard LaTeX document class
(C:\Jie\software\MiKTeX\tex\latex\base\size12.clo
File: size12.clo 2007/10/19 v1.4h Standard LaTeX file (size option)
)
\c@part=\count79
\c@chapter=\count80
\c@section=\count81
\c@subsection=\count82
\c@subsubsection=\count83
\c@paragraph=\count84
\c@subparagraph=\count85
\c@figure=\count86
\c@table=\count87
\abovecaptionskip=\skip41
\belowcaptionskip=\skip42
\bibindent=\dimen102
)
("C:\Users\Jie\Documents\GitHub\Thesis\Jie_Thesis - Monograph\qutthesis.sty"
Document Style Option `qutthesis' for latex2e <$Date: 09/25/2002 $>.
Note that this tries to fulfill the QUT Thesis requirements but it is unofficia
l
Developed by Yu-Chu Tian, Computer Science, QUT
("C:\Users\Jie\Documents\GitHub\Thesis\Jie_Thesis - Monograph\setspace.sty"
Package: setspace 2011/12/19 v6.7a set line spacing
)
(C:\Jie\software\MiKTeX\tex\latex\psnfss\times.sty
Package: times 2005/04/12 PSNFSS-v9.2a (SPQR) 
)
(C:\Jie\software\MiKTeX\tex\latex\graphics\graphicx.sty
Package: graphicx 1999/02/16 v1.0f Enhanced LaTeX Graphics (DPC,SPQR)

(C:\Jie\software\MiKTeX\tex\latex\graphics\keyval.sty
Package: keyval 1999/03/16 v1.13 key=value parser (DPC)
\KV@toks@=\toks14
)
(C:\Jie\software\MiKTeX\tex\latex\graphics\graphics.sty
Package: graphics 2009/02/05 v1.0o Standard LaTeX Graphics (DPC,SPQR)

(C:\Jie\software\MiKTeX\tex\latex\graphics\trig.sty
Package: trig 1999/03/16 v1.09 sin cos tan (DPC)
)
(C:\Jie\software\MiKTeX\tex\latex\00miktex\graphics.cfg
File: graphics.cfg 2007/01/18 v1.5 graphics configuration of teTeX/TeXLive
)
Package graphics Info: Driver file: pdftex.def on input line 91.

(C:\Jie\software\MiKTeX\tex\latex\pdftex-def\pdftex.def
File: pdftex.def 2011/05/27 v0.06d Graphics/color for pdfTeX

(C:\Jie\software\MiKTeX\tex\generic\oberdiek\infwarerr.sty
Package: infwarerr 2010/04/08 v1.3 Providing info/warning/error messages (HO)
)
(C:\Jie\software\MiKTeX\tex\generic\oberdiek\ltxcmds.sty
Package: ltxcmds 2011/11/09 v1.22 LaTeX kernel commands for general use (HO)
)
\Gread@gobject=\count88
))
\Gin@req@height=\dimen103
\Gin@req@width=\dimen104
)
(C:\Jie\software\MiKTeX\tex\latex\base\ifthen.sty
Package: ifthen 2001/05/26 v1.1c Standard LaTeX ifthen package (DPC)
)
(C:\Jie\software\MiKTeX\tex\latex\fancyhdr\fancyhdr.sty
\fancy@headwidth=\skip43
\f@ncyO@elh=\skip44
\f@ncyO@erh=\skip45
\f@ncyO@olh=\skip46
\f@ncyO@orh=\skip47
\f@ncyO@elf=\skip48
\f@ncyO@erf=\skip49
\f@ncyO@olf=\skip50
\f@ncyO@orf=\skip51
)
\c@appendix=\count89
\c@theorem=\count90
\c@lemma=\count91
\c@remark=\count92
\c@corollary=\count93
)
(C:\Jie\software\MiKTeX\tex\latex\amsmath\amsmath.sty
Package: amsmath 2013/01/14 v2.14 AMS math features
\@mathmargin=\skip52

For additional information on amsmath, use the `?' option.
(C:\Jie\software\MiKTeX\tex\latex\amsmath\amstext.sty
Package: amstext 2000/06/29 v2.01

(C:\Jie\software\MiKTeX\tex\latex\amsmath\amsgen.sty
File: amsgen.sty 1999/11/30 v2.0
\@emptytoks=\toks15
\ex@=\dimen105
))
(C:\Jie\software\MiKTeX\tex\latex\amsmath\amsbsy.sty
Package: amsbsy 1999/11/29 v1.2d
\pmbraise@=\dimen106
)
(C:\Jie\software\MiKTeX\tex\latex\amsmath\amsopn.sty
Package: amsopn 1999/12/14 v2.01 operator names
)
\inf@bad=\count94
LaTeX Info: Redefining \frac on input line 210.
\uproot@=\count95
\leftroot@=\count96
LaTeX Info: Redefining \overline on input line 306.
\classnum@=\count97
\DOTSCASE@=\count98
LaTeX Info: Redefining \ldots on input line 378.
LaTeX Info: Redefining \dots on input line 381.
LaTeX Info: Redefining \cdots on input line 466.
\Mathstrutbox@=\box26
\strutbox@=\box27
\big@size=\dimen107
LaTeX Font Info:    Redeclaring font encoding OML on input line 566.
LaTeX Font Info:    Redeclaring font encoding OMS on input line 567.
\macc@depth=\count99
\c@MaxMatrixCols=\count100
\dotsspace@=\muskip10
\c@parentequation=\count101
\dspbrk@lvl=\count102
\tag@help=\toks16
\row@=\count103
\column@=\count104
\maxfields@=\count105
\andhelp@=\toks17
\eqnshift@=\dimen108
\alignsep@=\dimen109
\tagshift@=\dimen110
\tagwidth@=\dimen111
\totwidth@=\dimen112
\lineht@=\dimen113
\@envbody=\toks18
\multlinegap=\skip53
\multlinetaggap=\skip54
\mathdisplay@stack=\toks19
LaTeX Info: Redefining \[ on input line 2665.
LaTeX Info: Redefining \] on input line 2666.
)
(C:\Jie\software\MiKTeX\tex\latex\amsfonts\amssymb.sty
Package: amssymb 2013/01/14 v3.01 AMS font symbols

(C:\Jie\software\MiKTeX\tex\latex\amsfonts\amsfonts.sty
Package: amsfonts 2013/01/14 v3.01 Basic AMSFonts support
\symAMSa=\mathgroup4
\symAMSb=\mathgroup5
LaTeX Font Info:    Overwriting math alphabet `\mathfrak' in version `bold'
(Font)                  U/euf/m/n --> U/euf/b/n on input line 106.
))
(C:\Jie\software\MiKTeX\tex\latex\tools\verbatim.sty
Package: verbatim 2003/08/22 v1.5q LaTeX2e package for verbatim enhancements
\every@verbatim=\toks20
\verbatim@line=\toks21
\verbatim@in@stream=\read1
)
(C:\Jie\software\MiKTeX\tex\latex\nomencl\nomencl.sty
Package: nomencl 2005/09/22 v4.2 Nomenclature package (LN)
\nomlabelwidth=\dimen114
\nom@tempdim=\dimen115
\nomitemsep=\skip55
)
(C:\Jie\software\MiKTeX\tex\latex\tools\longtable.sty
Package: longtable 2004/02/01 v4.11 Multi-page Table package (DPC)
\LTleft=\skip56
\LTright=\skip57
\LTpre=\skip58
\LTpost=\skip59
\LTchunksize=\count106
\LTcapwidth=\dimen116
\LT@head=\box28
\LT@firsthead=\box29
\LT@foot=\box30
\LT@lastfoot=\box31
\LT@cols=\count107
\LT@rows=\count108
\c@LT@tables=\count109
\c@LT@chunks=\count110
\LT@p@ftn=\toks22
)
(C:\Jie\software\MiKTeX\tex\latex\hyperref\hyperref.sty
Package: hyperref 2012/11/06 v6.83m Hypertext links for LaTeX

(C:\Jie\software\MiKTeX\tex\generic\oberdiek\hobsub-hyperref.sty
Package: hobsub-hyperref 2012/04/25 v1.12 Bundle oberdiek, subset hyperref (HO)


(C:\Jie\software\MiKTeX\tex\generic\oberdiek\hobsub-generic.sty
Package: hobsub-generic 2012/04/25 v1.12 Bundle oberdiek, subset generic (HO)
Package: hobsub 2012/04/25 v1.12 Construct package bundles (HO)
Package hobsub Info: Skipping package `infwarerr' (already loaded).
Package hobsub Info: Skipping package `ltxcmds' (already loaded).
Package: ifluatex 2010/03/01 v1.3 Provides the ifluatex switch (HO)
Package ifluatex Info: LuaTeX not detected.
Package: ifvtex 2010/03/01 v1.5 Detect VTeX and its facilities (HO)
Package ifvtex Info: VTeX not detected.
Package: intcalc 2007/09/27 v1.1 Expandable calculations with integers (HO)
Package: ifpdf 2011/01/30 v2.3 Provides the ifpdf switch (HO)
Package ifpdf Info: pdfTeX in PDF mode is detected.
Package: etexcmds 2011/02/16 v1.5 Avoid name clashes with e-TeX commands (HO)
Package etexcmds Info: Could not find \expanded.
(etexcmds)             That can mean that you are not using pdfTeX 1.50 or
(etexcmds)             that some package has redefined \expanded.
(etexcmds)             In the latter case, load this package earlier.
Package: kvsetkeys 2012/04/25 v1.16 Key value parser (HO)
Package: kvdefinekeys 2011/04/07 v1.3 Define keys (HO)
Package: pdftexcmds 2011/11/29 v0.20 Utility functions of pdfTeX for LuaTeX (HO
)
Package pdftexcmds Info: LuaTeX not detected.
Package pdftexcmds Info: \pdf@primitive is available.
Package pdftexcmds Info: \pdf@ifprimitive is available.
Package pdftexcmds Info: \pdfdraftmode found.
Package: pdfescape 2011/11/25 v1.13 Implements pdfTeX's escape features (HO)
Package: bigintcalc 2012/04/08 v1.3 Expandable calculations on big integers (HO
)
Package: bitset 2011/01/30 v1.1 Handle bit-vector datatype (HO)
Package: uniquecounter 2011/01/30 v1.2 Provide unlimited unique counter (HO)
)
Package hobsub Info: Skipping package `hobsub' (already loaded).
Package: letltxmacro 2010/09/02 v1.4 Let assignment for LaTeX macros (HO)
Package: hopatch 2011/06/24 v1.1 Wrapper for package hooks (HO)
Package: xcolor-patch 2011/01/30 xcolor patch
Package: atveryend 2011/06/30 v1.8 Hooks at the very end of document (HO)
Package atveryend Info: \enddocument detected (standard20110627).
Package: atbegshi 2011/10/05 v1.16 At begin shipout hook (HO)
Package: refcount 2011/10/16 v3.4 Data extraction from label references (HO)
Package: hycolor 2011/01/30 v1.7 Color options for hyperref/bookmark (HO)
)
(C:\Jie\software\MiKTeX\tex\generic\ifxetex\ifxetex.sty
Package: ifxetex 2010/09/12 v0.6 Provides ifxetex conditional
)
(C:\Jie\software\MiKTeX\tex\latex\oberdiek\auxhook.sty
Package: auxhook 2011/03/04 v1.3 Hooks for auxiliary files (HO)
)
(C:\Jie\software\MiKTeX\tex\latex\oberdiek\kvoptions.sty
Package: kvoptions 2011/06/30 v3.11 Key value format for package options (HO)
)
\@linkdim=\dimen117
\Hy@linkcounter=\count111
\Hy@pagecounter=\count112

(C:\Jie\software\MiKTeX\tex\latex\hyperref\pd1enc.def
File: pd1enc.def 2012/11/06 v6.83m Hyperref: PDFDocEncoding definition (HO)
)
\Hy@SavedSpaceFactor=\count113

(C:\Jie\software\MiKTeX\tex\latex\00miktex\hyperref.cfg
File: hyperref.cfg 2002/06/06 v1.2 hyperref configuration of TeXLive
)
Package hyperref Info: Hyper figures OFF on input line 4443.
Package hyperref Info: Link nesting OFF on input line 4448.
Package hyperref Info: Hyper index ON on input line 4451.
Package hyperref Info: Plain pages OFF on input line 4458.
Package hyperref Info: Backreferencing OFF on input line 4463.
Package hyperref Info: Implicit mode ON; LaTeX internals redefined.
Package hyperref Info: Bookmarks ON on input line 4688.
\c@Hy@tempcnt=\count114

(C:\Jie\software\MiKTeX\tex\latex\url\url.sty
\Urlmuskip=\muskip11
Package: url 2013/09/16  ver 3.4  Verb mode for urls, etc.
)
LaTeX Info: Redefining \url on input line 5041.
\XeTeXLinkMargin=\dimen118
\Fld@menulength=\count115
\Field@Width=\dimen119
\Fld@charsize=\dimen120
Package hyperref Info: Hyper figures OFF on input line 6295.
Package hyperref Info: Link nesting OFF on input line 6300.
Package hyperref Info: Hyper index ON on input line 6303.
Package hyperref Info: backreferencing OFF on input line 6310.
Package hyperref Info: Link coloring OFF on input line 6315.
Package hyperref Info: Link coloring with OCG OFF on input line 6320.
Package hyperref Info: PDF/A mode OFF on input line 6325.
LaTeX Info: Redefining \ref on input line 6365.
LaTeX Info: Redefining \pageref on input line 6369.
\Hy@abspage=\count116
\c@Item=\count117
\c@Hfootnote=\count118
)

Package hyperref Message: Driver (autodetected): hpdftex.

(C:\Jie\software\MiKTeX\tex\latex\hyperref\hpdftex.def
File: hpdftex.def 2012/11/06 v6.83m Hyperref driver for pdfTeX
\Fld@listcount=\count119
\c@bookmark@seq@number=\count120

(C:\Jie\software\MiKTeX\tex\latex\oberdiek\rerunfilecheck.sty
Package: rerunfilecheck 2011/04/15 v1.7 Rerun checks for auxiliary files (HO)
Package uniquecounter Info: New unique counter `rerunfilecheck' on input line 2
82.
)
\Hy@SectionHShift=\skip60
)
(C:\Jie\software\MiKTeX\tex\latex\natbib\natbib.sty
Package: natbib 2010/09/13 8.31b (PWD, AO)
\bibhang=\skip61
\bibsep=\skip62
LaTeX Info: Redefining \cite on input line 694.
\c@NAT@ctr=\count121
)
(C:\Jie\software\MiKTeX\tex\latex\caption\subcaption.sty
Package: subcaption 2013/02/03 v1.1-62 Sub-captions (AR)

(C:\Jie\software\MiKTeX\tex\latex\caption\caption.sty
Package: caption 2013/05/02 v3.3-89 Customizing captions (AR)

(C:\Jie\software\MiKTeX\tex\latex\caption\caption3.sty
Package: caption3 2013/05/02 v1.6-88 caption3 kernel (AR)
Package caption3 Info: TeX engine: e-TeX on input line 57.
\captionmargin=\dimen121
\captionmargin@=\dimen122
\captionwidth=\dimen123
\caption@tempdima=\dimen124
\caption@indent=\dimen125
\caption@parindent=\dimen126
\caption@hangindent=\dimen127
)
\c@ContinuedFloat=\count122
Package caption Info: hyperref package is loaded.
Package caption Info: longtable package is loaded.

(C:\Jie\software\MiKTeX\tex\latex\caption\ltcaption.sty
Package: ltcaption 2013/02/03 v1.3-62 longtable captions (AR)
))
\c@subfigure=\count123
\c@subtable=\count124
)
(C:\Jie\software\MiKTeX\tex\latex\booktabs\booktabs.sty
Package: booktabs 2005/04/14 v1.61803 publication quality tables
\heavyrulewidth=\dimen128
\lightrulewidth=\dimen129
\cmidrulewidth=\dimen130
\belowrulesep=\dimen131
\belowbottomsep=\dimen132
\aboverulesep=\dimen133
\abovetopsep=\dimen134
\cmidrulesep=\dimen135
\cmidrulekern=\dimen136
\defaultaddspace=\dimen137
\@cmidla=\count125
\@cmidlb=\count126
\@aboverulesep=\dimen138
\@belowrulesep=\dimen139
\@thisruleclass=\count127
\@lastruleclass=\count128
\@thisrulewidth=\dimen140
)
(C:\Jie\software\MiKTeX\tex\latex\multirow\multirow.sty
\bigstrutjot=\dimen141
)
(C:\Jie\software\MiKTeX\tex\latex\tools\hhline.sty
Package: hhline 1994/05/23 v2.03 Table rule package (DPC)
)
(C:\Jie\software\MiKTeX\tex\latex\float\float.sty
Package: float 2001/11/08 v1.3d Float enhancements (AL)
\c@float@type=\count129
\float@exts=\toks23
\float@box=\box32
\@float@everytoks=\toks24
\@floatcapt=\box33
)
(C:\Jie\software\MiKTeX\tex\latex\tools\array.sty
Package: array 2008/09/09 v2.4c Tabular extension package (FMi)
\col@sep=\dimen142
\extrarowheight=\dimen143
\NC@list=\toks25
\extratabsurround=\skip63
\backup@length=\skip64
)
(C:\Jie\software\MiKTeX\tex\latex\oberdiek\epstopdf.sty
Package: epstopdf 2010/02/09 v2.5 Conversion with epstopdf on the fly (HO)

(C:\Jie\software\MiKTeX\tex\latex\oberdiek\epstopdf-base.sty
Package: epstopdf-base 2010/02/09 v2.5 Base part for package epstopdf

(C:\Jie\software\MiKTeX\tex\latex\oberdiek\grfext.sty
Package: grfext 2010/08/19 v1.1 Manage graphics extensions (HO)
)
Package grfext Info: Graphics extension search list:
(grfext)             [.png,.pdf,.jpg,.mps,.jpeg,.jbig2,.jb2,.PNG,.PDF,.JPG,.JPE
G,.JBIG2,.JB2,.eps]
(grfext)             \AppendGraphicsExtensions on input line 452.
))
(C:\Jie\software\MiKTeX\tex\latex\rotating\rotating.sty
Package: rotating 2009/03/28 v2.16a rotated objects in LaTeX
\c@r@tfl@t=\count130
\rotFPtop=\skip65
\rotFPbot=\skip66
\rot@float@box=\box34
\rot@mess@toks=\toks26
)
("C:\Users\Jie\Documents\GitHub\Thesis\Jie_Thesis - Monograph\slashbox.sty"
slashbox style by K.Yasuoka, May 1993.
\@slashboxa=\box35
\@slashboxb=\box36
\@slashboxc=\box37
\@slashboxwd=\count131
\@slashboxht=\count132
\@slashsepl=\dimen144
\@slashsepr=\dimen145
) (C:\Jie\software\MiKTeX\tex\latex\realboxes\realboxes.sty
Package: realboxes 2011/08/08 v0.2 Change box commands to read there content as
 real boxes

(C:\Jie\software\MiKTeX\tex\latex\collectbox\collectbox.sty
Package: collectbox 2012/05/17 v0.4b Collect macro arguments as boxes
\collectedbox=\box38
)
(C:\Jie\software\MiKTeX\tex\latex\adjustbox\adjcalc.sty
Package: adjcalc 2012/05/16 v1.1 Provides advanced setlength with multiple back
-ends (calc, etex, pgfmath)

(C:\Jie\software\MiKTeX\tex\latex\xkeyval\xkeyval.sty
Package: xkeyval 2012/10/14 v2.6b package option processing (HA)

(C:\Jie\software\MiKTeX\tex\generic\xkeyval\xkeyval.tex
\XKV@toks=\toks27
\XKV@tempa@toks=\toks28
\XKV@depth=\count133
File: xkeyval.tex 2012/10/14 v2.6b key=value parser (HA)
))))
(C:\Jie\software\MiKTeX\tex\latex\algorithm2e\algorithm2e.sty
Package: algorithm2e 2013/01/06 v5.00 algorithms environments
\c@AlgoLine=\count134

(C:\Jie\software\MiKTeX\tex\latex\tools\xspace.sty
Package: xspace 2009/10/20 v1.13 Space after command names (DPC,MH)
)
(C:\Jie\software\MiKTeX\tex\latex\ltxmisc\relsize.sty
Package: relsize 2003/07/04 ver 3.1
)
********************************************************
Package `algorithm2e' Release 5.0 -- january 06 2013 --
- algorithm2e-announce@lirmm.fr mailing list for announcement about releases
- algorithm2e-discussion@lirmm.fr mailing list for discussion about package
subscribe by emailing sympa@lirmm.fr with 'subscribe <list> <firstname name>'
- Author: Christophe Fiorio (cfiorio@um2.fr)
********************************************************
\skiptotal=\skip67
\skiplinenumber=\skip68
\skiprule=\skip69
\skiphlne=\skip70
\skiptext=\skip71
\skiplength=\skip72
\algomargin=\skip73
\skipalgocfslide=\skip74
\algowidth=\dimen146
\inoutsize=\dimen147
\inoutindent=\dimen148
\interspacetitleruled=\dimen149
\interspacealgoruled=\dimen150
\interspacetitleboxruled=\dimen151
\algocf@inoutbox=\box39
\algocf@inputbox=\box40
\AlCapSkip=\skip75
\AlCapHSkip=\skip76
\algoskipindent=\skip77
\algocf@nlbox=\box41
\algocf@hangingbox=\box42
\algocf@untilbox=\box43
\algocf@skipuntil=\skip78
\algocf@capbox=\box44
\algoheightruledefault=\skip79
\algoheightrule=\skip80
\algotitleheightruledefault=\skip81
\algotitleheightrule=\skip82
\c@algocfline=\count135
\c@algocfproc=\count136
\c@algocf=\count137
\algocf@algoframe=\box45
\algocf@algobox=\box46
) (C:\Jie\software\MiKTeX\tex\latex\graphics\color.sty
Package: color 2005/11/14 v1.0j Standard LaTeX Color (DPC)

(C:\Jie\software\MiKTeX\tex\latex\00miktex\color.cfg
File: color.cfg 2007/01/18 v1.5 color configuration of teTeX/TeXLive
)
Package color Info: Driver file: pdftex.def on input line 130.
)
("C:\Users\Jie\Documents\GitHub\Thesis\Jie_Thesis - Monograph\ThesisMainFile.au
x"
("C:\Users\Jie\Documents\GitHub\Thesis\Jie_Thesis - Monograph\Ch0FrontPart.aux"
) ("C:\Users\Jie\Documents\GitHub\Thesis\Jie_Thesis - Monograph\nomenclature.au
x")
("C:\Users\Jie\Documents\GitHub\Thesis\Jie_Thesis - Monograph\Ch1Introduction.a
ux")
("C:\Users\Jie\Documents\GitHub\Thesis\Jie_Thesis - Monograph\Ch2LiteratureRevi
ew.aux") ("C:\Users\Jie\Documents\GitHub\Thesis\Jie_Thesis - Monograph\Ch4.aux"
) ("C:\Users\Jie\Documents\GitHub\Thesis\Jie_Thesis - Monograph\Ch5.aux")
("C:\Users\Jie\Documents\GitHub\Thesis\Jie_Thesis - Monograph\Ch6.aux")
("C:\Users\Jie\Documents\GitHub\Thesis\Jie_Thesis - Monograph\Ch7.aux")
("C:\Users\Jie\Documents\GitHub\Thesis\Jie_Thesis - Monograph\Ch8Conclusions.au
x") ("C:\Users\Jie\Documents\GitHub\Thesis\Jie_Thesis - Monograph\Appendix.aux"
))
LaTeX Font Info:    Checking defaults for OML/cmm/m/it on input line 35.
LaTeX Font Info:    ... okay on input line 35.
LaTeX Font Info:    Checking defaults for T1/cmr/m/n on input line 35.
LaTeX Font Info:    ... okay on input line 35.
LaTeX Font Info:    Checking defaults for OT1/cmr/m/n on input line 35.
LaTeX Font Info:    ... okay on input line 35.
LaTeX Font Info:    Checking defaults for OMS/cmsy/m/n on input line 35.
LaTeX Font Info:    ... okay on input line 35.
LaTeX Font Info:    Checking defaults for OMX/cmex/m/n on input line 35.
LaTeX Font Info:    ... okay on input line 35.
LaTeX Font Info:    Checking defaults for U/cmr/m/n on input line 35.
LaTeX Font Info:    ... okay on input line 35.
LaTeX Font Info:    Checking defaults for PD1/pdf/m/n on input line 35.
LaTeX Font Info:    ... okay on input line 35.
LaTeX Font Info:    Try loading font information for OT1+ptm on input line 35.
 (C:\Jie\software\MiKTeX\tex\latex\psnfss\ot1ptm.fd
File: ot1ptm.fd 2001/06/04 font definitions for OT1/ptm.
)
(C:\Jie\software\MiKTeX\tex\context\base\supp-pdf.mkii
[Loading MPS to PDF converter (version 2006.09.02).]
\scratchcounter=\count138
\scratchdimen=\dimen152
\scratchbox=\box47
\nofMPsegments=\count139
\nofMParguments=\count140
\everyMPshowfont=\toks29
\MPscratchCnt=\count141
\MPscratchDim=\dimen153
\MPnumerator=\count142
\makeMPintoPDFobject=\count143
\everyMPtoPDFconversion=\toks30
)
\AtBeginShipoutBox=\box48
Package hyperref Info: Link coloring OFF on input line 35.
 (C:\Jie\software\MiKTeX\tex\latex\hyperref\nameref.sty
Package: nameref 2012/10/27 v2.43 Cross-referencing by name of section

(C:\Jie\software\MiKTeX\tex\generic\oberdiek\gettitlestring.sty
Package: gettitlestring 2010/12/03 v1.4 Cleanup title references (HO)
)
\c@section@level=\count144
)
LaTeX Info: Redefining \ref on input line 35.
LaTeX Info: Redefining \pageref on input line 35.
LaTeX Info: Redefining \nameref on input line 35.

("C:\Users\Jie\Documents\GitHub\Thesis\Jie_Thesis - Monograph\ThesisMainFile.ou
t")
("C:\Users\Jie\Documents\GitHub\Thesis\Jie_Thesis - Monograph\ThesisMainFile.ou
t")
\@outlinefile=\write3
Package caption Info: Begin \AtBeginDocument code.
Package caption Info: float package is loaded.
Package caption Info: rotating package is loaded.
Package caption Info: End \AtBeginDocument code.

("C:\Users\Jie\Documents\GitHub\Thesis\Jie_Thesis - Monograph\Ch0FrontPart.tex"
LaTeX Font Info:    Font shape `OT1/ptm/bx/n' in size <17.28> not available
(Font)              Font shape `OT1/ptm/b/n' tried instead on input line 23.
[1


{C:/ProgramData/MiKTeX/2.9/pdftex/config/pdftex.map}] [2

]
LaTeX Font Info:    Font shape `OT1/ptm/bx/n' in size <12> not available
(Font)              Font shape `OT1/ptm/b/n' tried instead on input line 31.
LaTeX Font Info:    Try loading font information for OMS+ptm on input line 31.

(C:\Jie\software\MiKTeX\tex\latex\psnfss\omsptm.fd
File: omsptm.fd 
)
LaTeX Font Info:    Font shape `OMS/ptm/m/n' in size <12> not available
(Font)              Font shape `OMS/cmsy/m/n' tried instead on input line 31.

Underfull \hbox (badness 10000) in paragraph at lines 31--31

 []

[1

] [2

] [3] [4


]
LaTeX Font Info:    Font shape `OT1/ptm/bx/n' in size <20.74> not available
(Font)              Font shape `OT1/ptm/b/n' tried instead on input line 41.
 [5]
Overfull \hbox (8.53914pt too wide) in paragraph at lines 57--60
\OT1/ptm/m/n/12 To use MIML learn-ing for clas-si-fy-ing mul-ti-ple si-mul-ta-n
e-ously vo-cal-is-ing frog species,
 []

[6] [7]
LaTeX Font Info:    Font shape `OT1/ptm/bx/n' in size <24.88> not available
(Font)              Font shape `OT1/ptm/b/n' tried instead on input line 111.
LaTeX Font Info:    Font shape `OT1/ptm/bx/n' in size <14.4> not available
(Font)              Font shape `OT1/ptm/b/n' tried instead on input line 114.
 [8]
Missing character: There is no √ in font ptmr7t!
Missing character: There is no © in font ptmr7t!
Missing character: There is no ‚ in font ptmr7t!
Missing character: There is no Ä in font ptmr7t!
Missing character: There is no ú in font ptmr7t!
Missing character: There is no ‚ in font ptmr7t!
Missing character: There is no Ä in font ptmr7t!
Missing character: There is no ù in font ptmr7t!
 [9] [10

]
Underfull \hbox (badness 10000) in paragraph at lines 158--166

 []

[11] [12

] [13] [14

]
("C:\Users\Jie\Documents\GitHub\Thesis\Jie_Thesis - Monograph\ThesisMainFile.to
c"
LaTeX Font Info:    Try loading font information for U+msa on input line 8.
 (C:\Jie\software\MiKTeX\tex\latex\amsfonts\umsa.fd
File: umsa.fd 2013/01/14 v3.01 AMS symbols A
)
LaTeX Font Info:    Try loading font information for U+msb on input line 8.

(C:\Jie\software\MiKTeX\tex\latex\amsfonts\umsb.fd
File: umsb.fd 2013/01/14 v3.01 AMS symbols B
) [15] [16]
Underfull \vbox (badness 10000) has occurred while \output is active []

 [17]
[18])
\tf@toc=\write4
 [19] [20

]
("C:\Users\Jie\Documents\GitHub\Thesis\Jie_Thesis - Monograph\ThesisMainFile.lo
f" [21])
\tf@lof=\write5
 [22]
("C:\Users\Jie\Documents\GitHub\Thesis\Jie_Thesis - Monograph\ThesisMainFile.lo
t" [23

])
\tf@lot=\write6
 [24])
("C:\Users\Jie\Documents\GitHub\Thesis\Jie_Thesis - Monograph\nomenclature.tex"
)pdfTeX warning (ext4): destination with the same identifier (name{page.1}) has
 been already used, duplicate ignored
<to be read again> 
                   \relax 
l.42 \include{./nomenclature}
                              [1




]
("C:\Users\Jie\Documents\GitHub\Thesis\Jie_Thesis - Monograph\Ch1Introduction.t
ex"

Package Fancyhdr Warning: \headheight is too small (12.0pt): 
 Make it at least 14.49998pt.
 We now make it that large for the rest of the document.
 This may cause the page layout to be inconsistent, however.

pdfTeX warning (ext4): destination with the same identifier (name{page.2}) has 
been already used, duplicate ignored
<to be read again> 
                   \relax 
l.3 \chapter
            [Overview]{Overview} [2



]
Chapter 1.
[3] <image/Ch1/unseen_frog_1.jpg, id=797, 323.2878pt x 236.082pt>
File: image/Ch1/unseen_frog_1.jpg Graphic file (type jpg)

<use image/Ch1/unseen_frog_1.jpg>
Package pdftex.def Info: image/Ch1/unseen_frog_1.jpg used on input line 22.
(pdftex.def)             Requested size: 227.62195pt x 170.71736pt.

<image/Ch1/unseen_frog_2.jpg, id=798, 319.94531pt x 240.14719pt>
File: image/Ch1/unseen_frog_2.jpg Graphic file (type jpg)

<use image/Ch1/unseen_frog_2.jpg>
Package pdftex.def Info: image/Ch1/unseen_frog_2.jpg used on input line 26.
(pdftex.def)             Requested size: 227.62654pt x 170.7182pt.

Overfull \hbox (6.84009pt too wide) in paragraph at lines 21--28
 [][]   [] 
 []

[4 <C:/Users/Jie/Documents/GitHub/Thesis/Jie_Thesis - Monograph/image/Ch1/unsee
n_frog_1.jpg> <C:/Users/Jie/Documents/GitHub/Thesis/Jie_Thesis - Monograph/imag
e/Ch1/unseen_frog_2.jpg>]
Missing character: There is no ‚ in font ptmr7t!
Missing character: There is no Ä in font ptmr7t!
Missing character: There is no ô in font ptmr7t!

<image/Ch1/spectrogram_example.png, id=823, 340.326pt x 161.9505pt>
File: image/Ch1/spectrogram_example.png Graphic file (type png)

<use image/Ch1/spectrogram_example.png>
Package pdftex.def Info: image/Ch1/spectrogram_example.png used on input line 6
4.
(pdftex.def)             Requested size: 455.24408pt x 216.64433pt.

Underfull \vbox (badness 10000) has occurred while \output is active []

 [5]
<image/Ch1/spectrogram_mark.pdf, id=835, 778.10701pt x 373.99725pt>
File: image/Ch1/spectrogram_mark.pdf Graphic file (type pdf)

<use image/Ch1/spectrogram_mark.pdf>
Package pdftex.def Info: image/Ch1/spectrogram_mark.pdf used on input line 79.
(pdftex.def)             Requested size: 455.24408pt x 218.81317pt.

Underfull \vbox (badness 10000) has occurred while \output is active []

 [6 <C:/Users/Jie/Documents/GitHub/Thesis/Jie_Thesis - Monograph/image/Ch1/spec
trogram_example.png>] [7 <C:/Users/Jie/Documents/GitHub/Thesis/Jie_Thesis - Mon
ograph/image/Ch1/spectrogram_mark.pdf>]
Overfull \hbox (4.00351pt too wide) in paragraph at lines 158--170
 [][] 
 []

[8] <image/Ch1/flowchart.jpg, id=881, 535.40025pt x 326.4195pt>
File: image/Ch1/flowchart.jpg Graphic file (type jpg)

<use image/Ch1/flowchart.jpg>
Package pdftex.def Info: image/Ch1/flowchart.jpg used on input line 193.
(pdftex.def)             Requested size: 455.24408pt x 277.56247pt.
 [9 <C:/Users/Jie/Documents/GitHub/Thesis/Jie_Thesis - Monograph/image/Ch1/flow
chart.jpg>]
Underfull \vbox (badness 5862) has occurred while \output is active []

 [10]
[11]) [12]
("C:\Users\Jie\Documents\GitHub\Thesis\Jie_Thesis - Monograph\Ch2LiteratureRevi
ew.tex"
Chapter 2.
[13



]
Underfull \vbox (badness 10000) has occurred while \output is active []

 [14]
<image/LR/waveform.pdf, id=981, 358.33875pt x 284.06125pt>
File: image/LR/waveform.pdf Graphic file (type pdf)

<use image/LR/waveform.pdf>
Package pdftex.def Info: image/LR/waveform.pdf used on input line 64.
(pdftex.def)             Requested size: 145.68411pt x 109.26204pt.

<image/LR/spectrum.pdf, id=982, 351.3125pt x 266.9975pt>
File: image/LR/spectrum.pdf Graphic file (type pdf)

<use image/LR/spectrum.pdf>
Package pdftex.def Info: image/LR/spectrum.pdf used on input line 68.
(pdftex.def)             Requested size: 145.68475pt x 109.26189pt.

<image/LR/spectrogram.pdf, id=983, 348.30125pt x 293.095pt>
File: image/LR/spectrogram.pdf Graphic file (type pdf)

<use image/LR/spectrogram.pdf>
Package pdftex.def Info: image/LR/spectrogram.pdf used on input line 72.
(pdftex.def)             Requested size: 145.67966pt x 109.25739pt.
 [15] [16 <C:/Users/Jie/Documents/GitHub/Thesis/Jie_Thesis - Monograph/image/LR
/waveform.pdf> <C:/Users/Jie/Documents/GitHub/Thesis/Jie_Thesis - Monograph/ima
ge/LR/spectrum.pdf> <C:/Users/Jie/Documents/GitHub/Thesis/Jie_Thesis - Monograp
h/image/LR/spectrogram.pdf>] [17]
Overfull \hbox (10.91464pt too wide) in paragraph at lines 141--144
\OT1/ptm/m/n/12 For frog call clas-si-fi-ca-tion, we of-ten trans-form the one-
dimensional sig-nal into its two-dimensional
 []

[18]
Underfull \vbox (badness 6910) has occurred while \output is active []

 [19]
<image/LR/spectrogram.png, id=1170, 363.759pt x 285.4665pt>
File: image/LR/spectrogram.png Graphic file (type png)

<use image/LR/spectrogram.png>
Package pdftex.def Info: image/LR/spectrogram.png used on input line 166.
(pdftex.def)             Requested size: 227.62634pt x 170.72366pt.

<image/LR/segmentEvents.png, id=1171, 359.54324pt x 285.4665pt>
File: image/LR/segmentEvents.png Graphic file (type png)

<use image/LR/segmentEvents.png>
Package pdftex.def Info: image/LR/segmentEvents.png used on input line 170.
(pdftex.def)             Requested size: 227.62712pt x 170.72366pt.

Overfull \hbox (6.84009pt too wide) in paragraph at lines 165--172
 [][]   [] 
 []


Underfull \vbox (badness 10000) has occurred while \output is active []

 [20 <C:/Users/Jie/Documents/GitHub/Thesis/Jie_Thesis - Monograph/image/LR/spec
trogram.png (PNG copy)> <C:/Users/Jie/Documents/GitHub/Thesis/Jie_Thesis - Mono
graph/image/LR/segmentEvents.png (PNG copy)>]
Underfull \vbox (badness 1303) has occurred while \output is active []

 [21]
Missing character: There is no √ in font ptmr7t!
Missing character: There is no ≥ in font ptmr7t!

[22]
Underfull \vbox (badness 2726) has occurred while \output is active []

 [23]
[24] <image/LR/label.pdf, id=1364, 849.1725pt x 514.32152pt>
File: image/LR/label.pdf Graphic file (type pdf)

<use image/LR/label.pdf>
Package pdftex.def Info: image/LR/label.pdf used on input line 339.
(pdftex.def)             Requested size: 455.24408pt x 275.72827pt.
 [25]) [26 <C:/Users/Jie/Documents/GitHub/Thesis/Jie_Thesis - Monograph/image/L
R/label.pdf>]
("C:\Users\Jie\Documents\GitHub\Thesis\Jie_Thesis - Monograph\Ch4.tex"
Chapter 3.

Underfull \vbox (badness 10000) has occurred while \output is active []

 [27



]
<image/Ch4/flowchart.pdf, id=1416, 412.54124pt x 107.80275pt>
File: image/Ch4/flowchart.pdf Graphic file (type pdf)

<use image/Ch4/flowchart.pdf>
Package pdftex.def Info: image/Ch4/flowchart.pdf used on input line 23.
(pdftex.def)             Requested size: 455.24408pt x 118.96335pt.
 [28 <C:/Users/Jie/Documents/GitHub/Thesis/Jie_Thesis - Monograph/image/Ch4/flo
wchart.pdf>]
<image/Ch4/segmentation.pdf, id=1441, 387.24673pt x 291.489pt>
File: image/Ch4/segmentation.pdf Graphic file (type pdf)

<use image/Ch4/segmentation.pdf>
Package pdftex.def Info: image/Ch4/segmentation.pdf used on input line 75.
(pdftex.def)             Requested size: 455.24408pt x 342.69531pt.

Underfull \vbox (badness 10000) has occurred while \output is active []

 [29]
Overfull \hbox (3.7366pt too wide) in paragraph at lines 82--83
[]\OT1/ptm/m/n/12 In this study, smooth-ing spec-tro-gram is op-tion-ally ap-pl
ied to the spec-tro-gram be-fore H$[]$rm$[]$'s
 []

<image/Ch4/no.pdf, id=1450, 725.71124pt x 586.59152pt>
File: image/Ch4/no.pdf Graphic file (type pdf)
 <use image/Ch4/no.pdf>
Package pdftex.def Info: image/Ch4/no.pdf used on input line 87.
(pdftex.def)             Requested size: 273.14922pt x 220.78578pt.

<image/Ch4/yes.pdf, id=1451, 725.71124pt x 586.59152pt>
File: image/Ch4/yes.pdf Graphic file (type pdf)

<use image/Ch4/yes.pdf>
Package pdftex.def Info: image/Ch4/yes.pdf used on input line 92.
(pdftex.def)             Requested size: 273.14922pt x 220.78578pt.

<image/Ch4/syllable.pdf, id=1452, 358.33875pt x 280.04625pt>
File: image/Ch4/syllable.pdf Graphic file (type pdf)

<use image/Ch4/syllable.pdf>
Package pdftex.def Info: image/Ch4/syllable.pdf used on input line 103.
(pdftex.def)             Requested size: 273.14922pt x 213.48259pt.

Underfull \vbox (badness 10000) has occurred while \output is active []

 [30 <C:/Users/Jie/Documents/GitHub/Thesis/Jie_Thesis - Monograph/image/Ch4/seg
mentation.pdf>]
Underfull \vbox (badness 10000) has occurred while \output is active []

 [31 <C:/Users/Jie/Documents/GitHub/Thesis/Jie_Thesis - Monograph/image/Ch4/no.
pdf> <C:/Users/Jie/Documents/GitHub/Thesis/Jie_Thesis - Monograph/image/Ch4/yes
.pdf

pdfTeX warning: pdflatex (file C:/Users/Jie/Documents/GitHub/Thesis/Jie_Thesis 
- Monograph/image/Ch4/yes.pdf): PDF inclusion: multiple pdfs with page group in
cluded in a single page
>]
Underfull \vbox (badness 4168) has occurred while \output is active []

 [32 <C:/Users/Jie/Documents/GitHub/Thesis/Jie_Thesis - Monograph/image/Ch4/syl
lable.pdf>]
Underfull \vbox (badness 2875) has occurred while \output is active []

 [33]
Underfull \vbox (badness 10000) has occurred while \output is active []

 [34]
Underfull \vbox (badness 10000) has occurred while \output is active []

 [35]
Underfull \vbox (badness 10000) has occurred while \output is active []

 [36]
Underfull \vbox (badness 10000) has occurred while \output is active []

 [37]
[38]
Overfull \hbox (0.78801pt too wide) in paragraph at lines 304--305
\OT1/ptm/m/n/12 Due to the high ac-cu-racy and su-pe-rior gen-er-al-iza-tion pr
op-er-ties, sup-port vec-tor ma-chines (SVM)
 []

[39] [40] <image/Ch4/diffClassifier.pdf, id=1619, 322.20375pt x 210.7875pt>
File: image/Ch4/diffClassifier.pdf Graphic file (type pdf)

<use image/Ch4/diffClassifier.pdf>
Package pdftex.def Info: image/Ch4/diffClassifier.pdf used on input line 362.
(pdftex.def)             Requested size: 273.14922pt x 178.70384pt.

Overfull \hbox (2.45357pt too wide) in paragraph at lines 368--369
\OT1/ptm/m/n/12 Figure. []3.6[] il-lus-trates the clas-si-fi-ca-tion ac-cu-racy
 with dif-fer-ent fea-ture sets: LPC fea-ture, MFCCs
 []


Underfull \vbox (badness 10000) has occurred while \output is active []

 [41]
<image/Ch4/diffFeature.pdf, id=1629, 348.30125pt x 221.82875pt>
File: image/Ch4/diffFeature.pdf Graphic file (type pdf)

<use image/Ch4/diffFeature.pdf>
Package pdftex.def Info: image/Ch4/diffFeature.pdf used on input line 372.
(pdftex.def)             Requested size: 273.14922pt x 173.97346pt.
 [42 <C:/Users/Jie/Documents/GitHub/Thesis/Jie_Thesis - Monograph/image/Ch4/dif
fClassifier.pdf>]
<image/Ch4/windowSizeMFCC.pdf, id=1643, 362.35374pt x 285.065pt>
File: image/Ch4/windowSizeMFCC.pdf Graphic file (type pdf)

<use image/Ch4/windowSizeMFCC.pdf>
Package pdftex.def Info: image/Ch4/windowSizeMFCC.pdf used on input line 383.
(pdftex.def)             Requested size: 273.14922pt x 214.89pt.

<image/Ch4/windowSizeTemPer.pdf, id=1644, 362.35374pt x 285.065pt>
File: image/Ch4/windowSizeTemPer.pdf Graphic file (type pdf)

<use image/Ch4/windowSizeTemPer.pdf>
Package pdftex.def Info: image/Ch4/windowSizeTemPer.pdf used on input line 389.

(pdftex.def)             Requested size: 273.14922pt x 214.89pt.
 [43 <C:/Users/Jie/Documents/GitHub/Thesis/Jie_Thesis - Monograph/image/Ch4/dif
fFeature.pdf> <C:/Users/Jie/Documents/GitHub/Thesis/Jie_Thesis - Monograph/imag
e/Ch4/windowSizeMFCC.pdf>]
<image/Ch4/affectNoise.pdf, id=1662, 355.3275pt x 285.065pt>
File: image/Ch4/affectNoise.pdf Graphic file (type pdf)

<use image/Ch4/affectNoise.pdf>
Package pdftex.def Info: image/Ch4/affectNoise.pdf used on input line 399.
(pdftex.def)             Requested size: 273.14922pt x 219.14404pt.

Underfull \vbox (badness 10000) has occurred while \output is active []

 [44 <C:/Users/Jie/Documents/GitHub/Thesis/Jie_Thesis - Monograph/image/Ch4/win
dowSizeTemPer.pdf> <C:/Users/Jie/Documents/GitHub/Thesis/Jie_Thesis - Monograph
/image/Ch4/affectNoise.pdf>] [45]) [46]
("C:\Users\Jie\Documents\GitHub\Thesis\Jie_Thesis - Monograph\Ch5.tex"
Chapter 4.
<image/Ch5/flowchart.pdf, id=1706, 671.50874pt x 421.575pt>
File: image/Ch5/flowchart.pdf Graphic file (type pdf)

<use image/Ch5/flowchart.pdf>
Package pdftex.def Info: image/Ch5/flowchart.pdf used on input line 26.
(pdftex.def)             Requested size: 455.24408pt x 285.80522pt.

Underfull \vbox (badness 10000) has occurred while \output is active []

 [47



]

Package Fancyhdr Warning: \headheight is too small (14.49998pt): 
 Make it at least 26.88991pt.
 We now make it that large for the rest of the document.
 This may cause the page layout to be inconsistent, however.

[48 <C:/Users/Jie/Documents/GitHub/Thesis/Jie_Thesis - Monograph/image/Ch5/flow
chart.pdf>]
Missing character: There is no ‚ in font cmr12!
Missing character: There is no Ä in font cmr12!
Missing character: There is no ô in font cmr12!
Missing character: There is no ‚ in font cmr12!
Missing character: There is no Ä in font cmr12!
Missing character: There is no ù in font cmr12!

Underfull \vbox (badness 10000) has occurred while \output is active []

 [49]
Missing character: There is no „ in font cmr12!
Missing character: There is no Ä in font cmr12!
Missing character: There is no Ä in font cmr12!

[50] <image/Ch5/syllable.pdf, id=1757, 351.3125pt x 285.065pt>
File: image/Ch5/syllable.pdf Graphic file (type pdf)

<use image/Ch5/syllable.pdf>
Package pdftex.def Info: image/Ch5/syllable.pdf used on input line 153.
(pdftex.def)             Requested size: 273.14922pt x 221.65819pt.

<image/Ch5/spectrogram.png, id=1760, 365.56575pt x 283.0575pt>
File: image/Ch5/spectrogram.png Graphic file (type png)

<use image/Ch5/spectrogram.png>
Package pdftex.def Info: image/Ch5/spectrogram.png used on input line 165.
(pdftex.def)             Requested size: 227.62204pt x 176.24535pt.

<image/Ch5/segmentation.png, id=1761, 363.15675pt x 283.0575pt>
File: image/Ch5/segmentation.png Graphic file (type png)

<use image/Ch5/segmentation.png>
Package pdftex.def Info: image/Ch5/segmentation.png used on input line 170.
(pdftex.def)             Requested size: 227.62204pt x 177.42014pt.
 [51 <C:/Users/Jie/Documents/GitHub/Thesis/Jie_Thesis - Monograph/image/Ch5/syl
lable.pdf>] [52 <C:/Users/Jie/Documents/GitHub/Thesis/Jie_Thesis - Monograph/im
age/Ch5/spectrogram.png (PNG copy)> <C:/Users/Jie/Documents/GitHub/Thesis/Jie_T
hesis - Monograph/image/Ch5/segmentation.png (PNG copy)>] <image/Ch5/peak.pdf, 
id=1793, 349.305pt x 283.0575pt>
File: image/Ch5/peak.pdf Graphic file (type pdf)

<use image/Ch5/peak.pdf>
Package pdftex.def Info: image/Ch5/peak.pdf used on input line 272.
(pdftex.def)             Requested size: 227.62204pt x 184.45596pt.

<image/Ch5/track.pdf, id=1794, 348.30125pt x 283.0575pt>
File: image/Ch5/track.pdf Graphic file (type pdf)

<use image/Ch5/track.pdf>
Package pdftex.def Info: image/Ch5/track.pdf used on input line 279.
(pdftex.def)             Requested size: 227.62204pt x 184.9829pt.

Underfull \vbox (badness 10000) has occurred while \output is active []

 [53]
[54 <C:/Users/Jie/Documents/GitHub/Thesis/Jie_Thesis - Monograph/image/Ch5/peak
.pdf> <C:/Users/Jie/Documents/GitHub/Thesis/Jie_Thesis - Monograph/image/Ch5/tr
ack.pdf>] [55] <image/Ch5/tree18.pdf, id=1851, 768.47098pt x 620.91972pt>
File: image/Ch5/tree18.pdf Graphic file (type pdf)

<use image/Ch5/tree18.pdf>
Package pdftex.def Info: image/Ch5/tree18.pdf used on input line 380.
(pdftex.def)             Requested size: 295.90327pt x 295.90633pt.
 [56]
<image/Ch5/featureExtraction.pdf, id=1870, 1041.8925pt x 502.27649pt>
File: image/Ch5/featureExtraction.pdf Graphic file (type pdf)

<use image/Ch5/featureExtraction.pdf>
Package pdftex.def Info: image/Ch5/featureExtraction.pdf used on input line 395
.
(pdftex.def)             Requested size: 455.23863pt x 204.86171pt.

Underfull \vbox (badness 10000) has occurred while \output is active []

 [57]
[58 <C:/Users/Jie/Documents/GitHub/Thesis/Jie_Thesis - Monograph/image/Ch5/tree
18.pdf> <C:/Users/Jie/Documents/GitHub/Thesis/Jie_Thesis - Monograph/image/Ch5/
featureExtraction.pdf

pdfTeX warning: pdflatex (file C:/Users/Jie/Documents/GitHub/Thesis/Jie_Thesis 
- Monograph/image/Ch5/featureExtraction.pdf): PDF inclusion: multiple pdfs with
 page group included in a single page
>]
Underfull \vbox (badness 10000) has occurred while \output is active []

 [59]
[60] [61]
Underfull \vbox (badness 1005) has occurred while \output is active []

 [62]
<image/Ch5/MFCC.pdf, id=2029, 337.26pt x 270.00874pt>
File: image/Ch5/MFCC.pdf Graphic file (type pdf)
 <use image/Ch5/MFCC.pdf>
Package pdftex.def Info: image/Ch5/MFCC.pdf used on input line 533.
(pdftex.def)             Requested size: 227.62204pt x 182.23567pt.

<image/Ch5/MelCC.pdf, id=2030, 337.26pt x 270.00874pt>
File: image/Ch5/MelCC.pdf Graphic file (type pdf)

<use image/Ch5/MelCC.pdf>
Package pdftex.def Info: image/Ch5/MelCC.pdf used on input line 538.
(pdftex.def)             Requested size: 227.62204pt x 182.23567pt.

Overfull \hbox (4.56006pt too wide) in paragraph at lines 532--541
 [][]  [] 
 []

<image/Ch5/avgPWSCC.pdf, id=2031, 337.26pt x 270.00874pt>
File: image/Ch5/avgPWSCC.pdf Graphic file (type pdf)

<use image/Ch5/avgPWSCC.pdf>
Package pdftex.def Info: image/Ch5/avgPWSCC.pdf used on input line 543.
(pdftex.def)             Requested size: 227.62204pt x 182.23567pt.

<image/Ch5/deltaPWSCC.pdf, id=2032, 341.275pt x 270.00874pt>
File: image/Ch5/deltaPWSCC.pdf Graphic file (type pdf)

<use image/Ch5/deltaPWSCC.pdf>
Package pdftex.def Info: image/Ch5/deltaPWSCC.pdf used on input line 548.
(pdftex.def)             Requested size: 227.62204pt x 180.09326pt.

Overfull \hbox (4.56006pt too wide) in paragraph at lines 542--552
 [][]  [] 
 []


Underfull \vbox (badness 10000) has occurred while \output is active []

 [63]
LaTeX Font Info:    Try loading font information for OML+ptm on input line 617.


(C:\Jie\software\MiKTeX\tex\latex\psnfss\omlptm.fd
File: omlptm.fd 
)
LaTeX Font Info:    Font shape `OML/ptm/m/n' in size <12> not available
(Font)              Font shape `OML/cmm/m/it' tried instead on input line 617.

Underfull \vbox (badness 10000) has occurred while \output is active []

 [64 <C:/Users/Jie/Documents/GitHub/Thesis/Jie_Thesis - Monograph/image/Ch5/MFC
C.pdf> <C:/Users/Jie/Documents/GitHub/Thesis/Jie_Thesis - Monograph/image/Ch5/M
elCC.pdf> <C:/Users/Jie/Documents/GitHub/Thesis/Jie_Thesis - Monograph/image/Ch
5/avgPWSCC.pdf> <C:/Users/Jie/Documents/GitHub/Thesis/Jie_Thesis - Monograph/im
age/Ch5/deltaPWSCC.pdf>] <image/Ch5/tree15vs10.pdf, id=2076, 922.04472pt x 452.
89201pt>
File: image/Ch5/tree15vs10.pdf Graphic file (type pdf)

<use image/Ch5/tree15vs10.pdf>
Package pdftex.def Info: image/Ch5/tree15vs10.pdf used on input line 626.
(pdftex.def)             Requested size: 432.47472pt x 227.62024pt.

<image/Ch5/MelTree.pdf, id=2077, 708.24597pt x 308.95424pt>
File: image/Ch5/MelTree.pdf Graphic file (type pdf)

<use image/Ch5/MelTree.pdf>
Package pdftex.def Info: image/Ch5/MelTree.pdf used on input line 633.
(pdftex.def)             Requested size: 364.20499pt x 182.09283pt.

Underfull \vbox (badness 10000) has occurred while \output is active []

 [65]
[66 <C:/Users/Jie/Documents/GitHub/Thesis/Jie_Thesis - Monograph/image/Ch5/tree
15vs10.pdf> <C:/Users/Jie/Documents/GitHub/Thesis/Jie_Thesis - Monograph/image/
Ch5/MelTree.pdf

pdfTeX warning: pdflatex (file C:/Users/Jie/Documents/GitHub/Thesis/Jie_Thesis 
- Monograph/image/Ch5/MelTree.pdf): PDF inclusion: multiple pdfs with page grou
p included in a single page
>] <image/Ch5/snr.pdf, id=2094, 351.3125pt x 284.06125pt>
File: image/Ch5/snr.pdf Graphic file (type pdf)

<use image/Ch5/snr.pdf>
Package pdftex.def Info: image/Ch5/snr.pdf used on input line 659.
(pdftex.def)             Requested size: 273.1703pt x 182.10197pt.

Underfull \vbox (badness 1127) has occurred while \output is active []

 [67 <C:/Users/Jie/Documents/GitHub/Thesis/Jie_Thesis - Monograph/image/Ch5/snr
.pdf>]
Underfull \vbox (badness 10000) has occurred while \output is active []

 [68])
[69] ("C:\Users\Jie\Documents\GitHub\Thesis\Jie_Thesis - Monograph\Ch6.tex"
[70



]
Chapter 5.

Underfull \vbox (badness 10000) has occurred while \output is active []

 [71]
<image/Ch6/flowchart.pdf, id=2133, 671.50874pt x 216.20775pt>
File: image/Ch6/flowchart.pdf Graphic file (type pdf)

<use image/Ch6/flowchart.pdf>
Package pdftex.def Info: image/Ch6/flowchart.pdf used on input line 25.
(pdftex.def)             Requested size: 455.24408pt x 146.57724pt.
 [72 <C:/Users/Jie/Documents/GitHub/Thesis/Jie_Thesis - Monograph/image/Ch6/flo
wchart.pdf>] [73] [74] [75]
<image/Ch6/AEoriginal.png, id=2185, 359.54324pt x 285.4665pt>
File: image/Ch6/AEoriginal.png Graphic file (type png)

<use image/Ch6/AEoriginal.png>
Package pdftex.def Info: image/Ch6/AEoriginal.png used on input line 166.
(pdftex.def)             Requested size: 204.85844pt x 162.65225pt.

<image/Ch6/AEfinal.png, id=2186, 359.54324pt x 285.4665pt>
File: image/Ch6/AEfinal.png Graphic file (type png)

<use image/Ch6/AEfinal.png>
Package pdftex.def Info: image/Ch6/AEfinal.png used on input line 171.
(pdftex.def)             Requested size: 204.85844pt x 162.65225pt.

<image/Ch6/binary.png, id=2187, 359.54324pt x 285.4665pt>
File: image/Ch6/binary.png Graphic file (type png)

<use image/Ch6/binary.png>
Package pdftex.def Info: image/Ch6/binary.png used on input line 182.
(pdftex.def)             Requested size: 204.85844pt x 162.65225pt.

<image/Ch6/segmentEvents.png, id=2188, 359.54324pt x 285.4665pt>
File: image/Ch6/segmentEvents.png Graphic file (type png)

<use image/Ch6/segmentEvents.png>
Package pdftex.def Info: image/Ch6/segmentEvents.png used on input line 187.
(pdftex.def)             Requested size: 204.85844pt x 162.65225pt.

Underfull \vbox (badness 10000) has occurred while \output is active []

 [76 <C:/Users/Jie/Documents/GitHub/Thesis/Jie_Thesis - Monograph/image/Ch6/AEo
riginal.png (PNG copy)> <C:/Users/Jie/Documents/GitHub/Thesis/Jie_Thesis - Mono
graph/image/Ch6/AEfinal.png (PNG copy)> <C:/Users/Jie/Documents/GitHub/Thesis/J
ie_Thesis - Monograph/image/Ch6/binary.png (PNG copy)> <C:/Users/Jie/Documents/
GitHub/Thesis/Jie_Thesis - Monograph/image/Ch6/segmentEvents.png (PNG copy)>] [
77]
Underfull \vbox (badness 1189) has occurred while \output is active []

 [78]
Missing character: There is no ‚ in font ptmr7t!
Missing character: There is no Ä in font ptmr7t!
Missing character: There is no ò in font ptmr7t!
Missing character: There is no ‚ in font ptmr7t!
Missing character: There is no Ä in font ptmr7t!
Missing character: There is no ô in font ptmr7t!
Missing character: There is no ‚ in font ptmr7t!
Missing character: There is no Ä in font ptmr7t!
Missing character: There is no ò in font ptmr7t!
Missing character: There is no ‚ in font ptmr7t!
Missing character: There is no Ä in font ptmr7t!
Missing character: There is no ô in font ptmr7t!
Missing character: There is no ‚ in font ptmr7t!
Missing character: There is no Ä in font ptmr7t!
Missing character: There is no ò in font ptmr7t!
Missing character: There is no ‚ in font ptmr7t!
Missing character: There is no Ä in font ptmr7t!
Missing character: There is no ô in font ptmr7t!
Missing character: There is no ‚ in font ptmr7t!
Missing character: There is no Ä in font ptmr7t!
Missing character: There is no ò in font ptmr7t!
Missing character: There is no ‚ in font ptmr7t!
Missing character: There is no Ä in font ptmr7t!
Missing character: There is no ô in font ptmr7t!
Missing character: There is no ‚ in font ptmr7t!
Missing character: There is no Ä in font ptmr7t!
Missing character: There is no ò in font ptmr7t!
Missing character: There is no ‚ in font ptmr7t!
Missing character: There is no Ä in font ptmr7t!
Missing character: There is no ô in font ptmr7t!
Missing character: There is no ‚ in font ptmr7t!
Missing character: There is no Ä in font ptmr7t!
Missing character: There is no ò in font ptmr7t!
Missing character: There is no ‚ in font ptmr7t!
Missing character: There is no Ä in font ptmr7t!
Missing character: There is no ô in font ptmr7t!

[79]) [80] ("C:\Users\Jie\Documents\GitHub\Thesis\Jie_Thesis - Monograph\Ch7.te
x"
Chapter 6.

Overfull \hbox (4.79578pt too wide) in paragraph at lines 16--17
\OT1/ptm/m/n/12 seg-mented record-ing: lin-ear pre-dic-tive cod-ing, MFCCs and 
wavelet-based fea-tures. The wavelet-
 []


Underfull \vbox (badness 10000) has occurred while \output is active []

 [81



]
<image/Ch7/flowchart.pdf, id=2233, 398.08725pt x 198.7425pt>
File: image/Ch7/flowchart.pdf Graphic file (type pdf)

<use image/Ch7/flowchart.pdf>
Package pdftex.def Info: image/Ch7/flowchart.pdf used on input line 34.
(pdftex.def)             Requested size: 455.24408pt x 227.29054pt.


Package Fancyhdr Warning: \headheight is too small (26.88991pt): 
 Make it at least 27.06392pt.
 We now make it that large for the rest of the document.
 This may cause the page layout to be inconsistent, however.

[82]
Underfull \vbox (badness 10000) has occurred while \output is active []

 [83 <C:/Users/Jie/Documents/GitHub/Thesis/Jie_Thesis - Monograph/image/Ch7/flo
wchart.pdf>]
Underfull \vbox (badness 10000) has occurred while \output is active []

 [84]
<image/Ch7/spectrogram1-m.png, id=2277, 359.54324pt x 285.4665pt>
File: image/Ch7/spectrogram1-m.png Graphic file (type png)

<use image/Ch7/spectrogram1-m.png>
Package pdftex.def Info: image/Ch7/spectrogram1-m.png used on input line 113.
(pdftex.def)             Requested size: 159.3382pt x 126.51166pt.

<image/Ch7/spectrogram2-m.png, id=2279, 359.54324pt x 285.4665pt>
File: image/Ch7/spectrogram2-m.png Graphic file (type png)

<use image/Ch7/spectrogram2-m.png>
Package pdftex.def Info: image/Ch7/spectrogram2-m.png used on input line 118.
(pdftex.def)             Requested size: 159.3382pt x 126.51166pt.

<image/Ch7/AEDFodor.pdf, id=2280, 362.35374pt x 286.06876pt>
File: image/Ch7/AEDFodor.pdf Graphic file (type pdf)

<use image/Ch7/AEDFodor.pdf>
Package pdftex.def Info: image/Ch7/AEDFodor.pdf used on input line 123.
(pdftex.def)             Requested size: 159.3382pt x 125.79643pt.

<image/Ch7/AEDFodor_2.pdf, id=2285, 362.35374pt x 286.06876pt>
File: image/Ch7/AEDFodor_2.pdf Graphic file (type pdf)

<use image/Ch7/AEDFodor_2.pdf>
Package pdftex.def Info: image/Ch7/AEDFodor_2.pdf used on input line 128.
(pdftex.def)             Requested size: 159.3382pt x 125.79643pt.

<image/Ch7/AED_Michael.pdf, id=2290, 362.35374pt x 286.06876pt>
File: image/Ch7/AED_Michael.pdf Graphic file (type pdf)

<use image/Ch7/AED_Michael.pdf>
Package pdftex.def Info: image/Ch7/AED_Michael.pdf used on input line 134.
(pdftex.def)             Requested size: 159.3382pt x 125.79643pt.

<image/Ch7/AED_Michael_2.pdf, id=2295, 362.35374pt x 286.06876pt>
File: image/Ch7/AED_Michael_2.pdf Graphic file (type pdf)

<use image/Ch7/AED_Michael_2.pdf>
Package pdftex.def Info: image/Ch7/AED_Michael_2.pdf used on input line 139.
(pdftex.def)             Requested size: 159.3382pt x 125.79643pt.

<image/Ch7/AED_Jie.pdf, id=2300, 362.35374pt x 286.06876pt>
File: image/Ch7/AED_Jie.pdf Graphic file (type pdf)

<use image/Ch7/AED_Jie.pdf>
Package pdftex.def Info: image/Ch7/AED_Jie.pdf used on input line 144.
(pdftex.def)             Requested size: 159.3382pt x 125.79643pt.

<image/Ch7/AED_Jie_2.pdf, id=2301, 362.35374pt x 286.06876pt>
File: image/Ch7/AED_Jie_2.pdf Graphic file (type pdf)

<use image/Ch7/AED_Jie_2.pdf>
Package pdftex.def Info: image/Ch7/AED_Jie_2.pdf used on input line 149.
(pdftex.def)             Requested size: 159.3382pt x 125.79643pt.

Underfull \vbox (badness 1496) has occurred while \output is active []

 [85]
[86 <C:/Users/Jie/Documents/GitHub/Thesis/Jie_Thesis - Monograph/image/Ch7/spec
trogram1-m.png> <C:/Users/Jie/Documents/GitHub/Thesis/Jie_Thesis - Monograph/im
age/Ch7/spectrogram2-m.png> <C:/Users/Jie/Documents/GitHub/Thesis/Jie_Thesis - 
Monograph/image/Ch7/AEDFodor.pdf> <C:/Users/Jie/Documents/GitHub/Thesis/Jie_The
sis - Monograph/image/Ch7/AEDFodor_2.pdf> <C:/Users/Jie/Documents/GitHub/Thesis
/Jie_Thesis - Monograph/image/Ch7/AED_Michael.pdf> <C:/Users/Jie/Documents/GitH
ub/Thesis/Jie_Thesis - Monograph/image/Ch7/AED_Michael_2.pdf> <C:/Users/Jie/Doc
uments/GitHub/Thesis/Jie_Thesis - Monograph/image/Ch7/AED_Jie.pdf> <C:/Users/Ji
e/Documents/GitHub/Thesis/Jie_Thesis - Monograph/image/Ch7/AED_Jie_2.pdf>]
Underfull \vbox (badness 10000) has occurred while \output is active []

 [87]
Underfull \vbox (badness 10000) has occurred while \output is active []

 [88]
<image/Ch7/abundance1075.pdf, id=2387, 350.30875pt x 286.06876pt>
File: image/Ch7/abundance1075.pdf Graphic file (type pdf)

<use image/Ch7/abundance1075.pdf>
Package pdftex.def Info: image/Ch7/abundance1075.pdf used on input line 222.
(pdftex.def)             Requested size: 136.5746pt x 111.53143pt.

<image/Ch7/abundance1078.pdf, id=2388, 353.32pt x 286.06876pt>
File: image/Ch7/abundance1078.pdf Graphic file (type pdf)

<use image/Ch7/abundance1078.pdf>
Package pdftex.def Info: image/Ch7/abundance1078.pdf used on input line 227.
(pdftex.def)             Requested size: 136.5746pt x 110.57986pt.

<image/Ch7/abundance1079.pdf, id=2389, 353.32pt x 286.06876pt>
File: image/Ch7/abundance1079.pdf Graphic file (type pdf)

<use image/Ch7/abundance1079.pdf>
Package pdftex.def Info: image/Ch7/abundance1079.pdf used on input line 232.
(pdftex.def)             Requested size: 136.5746pt x 110.57986pt.

Underfull \vbox (badness 5077) has occurred while \output is active []

 [89]
Missing character: There is no ‚ in font ptmr7t!
Missing character: There is no Ä in font ptmr7t!
Missing character: There is no ò in font ptmr7t!
Missing character: There is no ‚ in font ptmr7t!
Missing character: There is no Ä in font ptmr7t!
Missing character: There is no ô in font ptmr7t!
Missing character: There is no ‚ in font ptmr7t!
Missing character: There is no Ä in font ptmr7t!
Missing character: There is no ò in font ptmr7t!
Missing character: There is no ‚ in font ptmr7t!
Missing character: There is no Ä in font ptmr7t!
Missing character: There is no ô in font ptmr7t!
Missing character: There is no ‚ in font ptmr7t!
Missing character: There is no Ä in font ptmr7t!
Missing character: There is no ò in font ptmr7t!
Missing character: There is no ‚ in font ptmr7t!
Missing character: There is no Ä in font ptmr7t!
Missing character: There is no ô in font ptmr7t!
Missing character: There is no ‚ in font ptmr7t!
Missing character: There is no Ä in font ptmr7t!
Missing character: There is no ò in font ptmr7t!
Missing character: There is no ‚ in font ptmr7t!
Missing character: There is no Ä in font ptmr7t!
Missing character: There is no ô in font ptmr7t!
Missing character: There is no ‚ in font ptmr7t!
Missing character: There is no Ä in font ptmr7t!
Missing character: There is no ò in font ptmr7t!
Missing character: There is no ‚ in font ptmr7t!
Missing character: There is no Ä in font ptmr7t!
Missing character: There is no ô in font ptmr7t!
Missing character: There is no ‚ in font ptmr7t!
Missing character: There is no Ä in font ptmr7t!
Missing character: There is no ò in font ptmr7t!
Missing character: There is no ‚ in font ptmr7t!
Missing character: There is no Ä in font ptmr7t!
Missing character: There is no ô in font ptmr7t!

[90 <C:/Users/Jie/Documents/GitHub/Thesis/Jie_Thesis - Monograph/image/Ch7/abun
dance1075.pdf> <C:/Users/Jie/Documents/GitHub/Thesis/Jie_Thesis - Monograph/ima
ge/Ch7/abundance1078.pdf> <C:/Users/Jie/Documents/GitHub/Thesis/Jie_Thesis - Mo
nograph/image/Ch7/abundance1079.pdf>]
<image/Ch7/richness1075.pdf, id=2424, 350.30875pt x 286.06876pt>
File: image/Ch7/richness1075.pdf Graphic file (type pdf)

<use image/Ch7/richness1075.pdf>
Package pdftex.def Info: image/Ch7/richness1075.pdf used on input line 284.
(pdftex.def)             Requested size: 136.5746pt x 111.53143pt.

<image/Ch7/richness1078.pdf, id=2425, 350.30875pt x 286.06876pt>
File: image/Ch7/richness1078.pdf Graphic file (type pdf)

<use image/Ch7/richness1078.pdf>
Package pdftex.def Info: image/Ch7/richness1078.pdf used on input line 289.
(pdftex.def)             Requested size: 136.5746pt x 111.53143pt.

<image/Ch7/richness1079.pdf, id=2426, 350.30875pt x 286.06876pt>
File: image/Ch7/richness1079.pdf Graphic file (type pdf)

<use image/Ch7/richness1079.pdf>
Package pdftex.def Info: image/Ch7/richness1079.pdf used on input line 294.
(pdftex.def)             Requested size: 136.5746pt x 111.53143pt.

<image/Ch7/richnessSite.pdf, id=2427, 350.30875pt x 285.065pt>
File: image/Ch7/richnessSite.pdf Graphic file (type pdf)

<use image/Ch7/richnessSite.pdf>
Package pdftex.def Info: image/Ch7/richnessSite.pdf used on input line 303.
(pdftex.def)             Requested size: 227.62204pt x 185.2335pt.
 [91 <C:/Users/Jie/Documents/GitHub/Thesis/Jie_Thesis - Monograph/image/Ch7/ric
hness1075.pdf> <C:/Users/Jie/Documents/GitHub/Thesis/Jie_Thesis - Monograph/ima
ge/Ch7/richness1078.pdf> <C:/Users/Jie/Documents/GitHub/Thesis/Jie_Thesis - Mon
ograph/image/Ch7/richness1079.pdf> <C:/Users/Jie/Documents/GitHub/Thesis/Jie_Th
esis - Monograph/image/Ch7/richnessSite.pdf>])
[92]
("C:\Users\Jie\Documents\GitHub\Thesis\Jie_Thesis - Monograph\Ch8Conclusions.te
x"
Chapter 7.
[93



]
Overfull \hbox (3.9418pt too wide) in paragraph at lines 29--32
\OT1/ptm/m/n/12 Since most frog field record-ings con-sist of mul-ti-ple si-mul
-ta-ne-ously vo-cal-is-ing frog species,
 []

[94]) [95]
("C:\Users\Jie\Documents\GitHub\Thesis\Jie_Thesis - Monograph\Appendix.tex"
[96



]
Appendix A.
<image/Ch1/toad_wave.png, id=2482, 477.28313pt x 258.9675pt>
File: image/Ch1/toad_wave.png Graphic file (type png)

<use image/Ch1/toad_wave.png>
Package pdftex.def Info: image/Ch1/toad_wave.png used on input line 13.
(pdftex.def)             Requested size: 128.03064pt x 85.35678pt.

<image/Ch1/toad_spec.png, id=2483, 135.342pt x 86.067pt>
File: image/Ch1/toad_spec.png Graphic file (type png)

<use image/Ch1/toad_spec.png>
Package pdftex.def Info: image/Ch1/toad_spec.png used on input line 13.
(pdftex.def)             Requested size: 128.0496pt x 85.36154pt.

<image/Ch1/caerulea_wav.png, id=2484, 620.3175pt x 213.79875pt>
File: image/Ch1/caerulea_wav.png Graphic file (type png)

<use image/Ch1/caerulea_wav.png>
Package pdftex.def Info: image/Ch1/caerulea_wav.png used on input line 14.
(pdftex.def)             Requested size: 128.03671pt x 85.35812pt.

<image/Ch1/caerulea_spec.png, id=2485, 135.342pt x 89.6805pt>
File: image/Ch1/caerulea_spec.png Graphic file (type png)

<use image/Ch1/caerulea_spec.png>
Package pdftex.def Info: image/Ch1/caerulea_spec.png used on input line 14.
(pdftex.def)             Requested size: 128.0496pt x 85.35745pt.

<image/Ch1/fallax_wav.png, id=2486, 606.01407pt x 209.28188pt>
File: image/Ch1/fallax_wav.png Graphic file (type png)

<use image/Ch1/fallax_wav.png>
Package pdftex.def Info: image/Ch1/fallax_wav.png used on input line 15.
(pdftex.def)             Requested size: 128.03421pt x 85.35583pt.

<image/Ch1/fallax_spec.png, id=2487, 602.25pt x 210.03468pt>
File: image/Ch1/fallax_spec.png Graphic file (type png)

<use image/Ch1/fallax_spec.png>
Package pdftex.def Info: image/Ch1/fallax_spec.png used on input line 15.
(pdftex.def)             Requested size: 128.03845pt x 85.35841pt.

<image/Ch1/graci_wav.png, id=2488, 472.76625pt x 171.64125pt>
File: image/Ch1/graci_wav.png Graphic file (type png)

<use image/Ch1/graci_wav.png>
Package pdftex.def Info: image/Ch1/graci_wav.png used on input line 26.
(pdftex.def)             Requested size: 128.03813pt x 85.35683pt.

<image/Ch1/graci_spec.png, id=2489, 469.00218pt x 173.89969pt>
File: image/Ch1/graci_spec.png Graphic file (type png)

<use image/Ch1/graci_spec.png>
Package pdftex.def Info: image/Ch1/graci_spec.png used on input line 26.
(pdftex.def)             Requested size: 128.03493pt x 85.35751pt.

<image/Ch1/latop_wav.png, id=2490, 542.025pt x 212.29312pt>
File: image/Ch1/latop_wav.png Graphic file (type png)

<use image/Ch1/latop_wav.png>
Package pdftex.def Info: image/Ch1/latop_wav.png used on input line 27.
(pdftex.def)             Requested size: 128.03754pt x 85.35953pt.

<image/Ch1/latop_spec.png, id=2491, 536.75531pt x 210.7875pt>
File: image/Ch1/latop_spec.png Graphic file (type png)

<use image/Ch1/latop_spec.png>
Package pdftex.def Info: image/Ch1/latop_spec.png used on input line 27.
(pdftex.def)             Requested size: 128.03764pt x 85.35881pt.

<image/Ch1/rubella_wav.png, id=2492, 402.00188pt x 222.07968pt>
File: image/Ch1/rubella_wav.png Graphic file (type png)

<use image/Ch1/rubella_wav.png>
Package pdftex.def Info: image/Ch1/rubella_wav.png used on input line 28.
(pdftex.def)             Requested size: 128.03595pt x 85.35692pt.

<image/Ch1/rubella_spec.png, id=2493, 137.6415pt x 93.951pt>
File: image/Ch1/rubella_spec.png Graphic file (type png)

<use image/Ch1/rubella_spec.png>
Package pdftex.def Info: image/Ch1/rubella_spec.png used on input line 28.
(pdftex.def)             Requested size: 128.03676pt x 85.36221pt.
 [97 <C:/Users/Jie/Documents/GitHub/Thesis/Jie_Thesis - Monograph/image/Ch1/toa
d_wave.png> <C:/Users/Jie/Documents/GitHub/Thesis/Jie_Thesis - Monograph/image/
Ch1/toad_spec.png> <C:/Users/Jie/Documents/GitHub/Thesis/Jie_Thesis - Monograph
/image/Ch1/caerulea_wav.png> <C:/Users/Jie/Documents/GitHub/Thesis/Jie_Thesis -
 Monograph/image/Ch1/caerulea_spec.png> <C:/Users/Jie/Documents/GitHub/Thesis/J
ie_Thesis - Monograph/image/Ch1/fallax_wav.png> <C:/Users/Jie/Documents/GitHub/
Thesis/Jie_Thesis - Monograph/image/Ch1/fallax_spec.png>] [98 <C:/Users/Jie/Doc
uments/GitHub/Thesis/Jie_Thesis - Monograph/image/Ch1/graci_wav.png> <C:/Users/
Jie/Documents/GitHub/Thesis/Jie_Thesis - Monograph/image/Ch1/graci_spec.png> <C
:/Users/Jie/Documents/GitHub/Thesis/Jie_Thesis - Monograph/image/Ch1/latop_wav.
png> <C:/Users/Jie/Documents/GitHub/Thesis/Jie_Thesis - Monograph/image/Ch1/lat
op_spec.png> <C:/Users/Jie/Documents/GitHub/Thesis/Jie_Thesis - Monograph/image
/Ch1/rubella_wav.png> <C:/Users/Jie/Documents/GitHub/Thesis/Jie_Thesis - Monogr
aph/image/Ch1/rubella_spec.png>]
Appendix B.
<image/Ch1/toad_jcu_wav.png, id=2504, 362.85562pt x 195.73125pt>
File: image/Ch1/toad_jcu_wav.png Graphic file (type png)

<use image/Ch1/toad_jcu_wav.png>
Package pdftex.def Info: image/Ch1/toad_jcu_wav.png used on input line 50.
(pdftex.def)             Requested size: 128.03673pt x 85.35744pt.

<image/Ch1/toad_jcu_spec.png, id=2505, 357.58594pt x 193.47281pt>
File: image/Ch1/toad_jcu_spec.png Graphic file (type png)

<use image/Ch1/toad_jcu_spec.png>
Package pdftex.def Info: image/Ch1/toad_jcu_spec.png used on input line 50.
(pdftex.def)             Requested size: 128.03787pt x 85.35857pt.

<image/Ch1/cyc_jcu_wav.png, id=2506, 362.85562pt x 216.81pt>
File: image/Ch1/cyc_jcu_wav.png Graphic file (type png)

<use image/Ch1/cyc_jcu_wav.png>
Package pdftex.def Info: image/Ch1/cyc_jcu_wav.png used on input line 50.
(pdftex.def)             Requested size: 128.03673pt x 85.35945pt.

<image/Ch1/cyc_jcu_spec.png, id=2507, 144.8685pt x 93.294pt>
File: image/Ch1/cyc_jcu_spec.png Graphic file (type png)

<use image/Ch1/cyc_jcu_spec.png>
Package pdftex.def Info: image/Ch1/cyc_jcu_spec.png used on input line 50.
(pdftex.def)             Requested size: 128.04391pt x 85.36174pt.

<image/Ch1/ter_jcu_wav.png, id=2508, 362.85562pt x 171.64125pt>
File: image/Ch1/ter_jcu_wav.png Graphic file (type png)

<use image/Ch1/ter_jcu_wav.png>
Package pdftex.def Info: image/Ch1/ter_jcu_wav.png used on input line 50.
(pdftex.def)             Requested size: 128.03673pt x 85.35683pt.

<image/Ch1/ter_jcu_spec.png, id=2509, 355.3275pt x 169.38281pt>
File: image/Ch1/ter_jcu_spec.png Graphic file (type png)

<use image/Ch1/ter_jcu_spec.png>
Package pdftex.def Info: image/Ch1/ter_jcu_spec.png used on input line 50.
(pdftex.def)             Requested size: 128.03706pt x 85.3606pt.

<image/Ch1/fallax_jcu_wav.png, id=2510, 362.10281pt x 170.88844pt>
File: image/Ch1/fallax_jcu_wav.png Graphic file (type png)

<use image/Ch1/fallax_jcu_wav.png>
Package pdftex.def Info: image/Ch1/fallax_jcu_wav.png used on input line 50.
(pdftex.def)             Requested size: 128.0363pt x 85.36057pt.

<image/Ch1/fallax_jcu_spec.png, id=2511, 361.35pt x 170.88844pt>
File: image/Ch1/fallax_jcu_spec.png Graphic file (type png)

<use image/Ch1/fallax_jcu_spec.png>
Package pdftex.def Info: image/Ch1/fallax_jcu_spec.png used on input line 50.
(pdftex.def)             Requested size: 128.03477pt x 85.36057pt.

<image/Ch1/nasuta_jcu_wav.png, id=2512, 365.11406pt x 170.88844pt>
File: image/Ch1/nasuta_jcu_wav.png Graphic file (type png)

<use image/Ch1/nasuta_jcu_wav.png>
Package pdftex.def Info: image/Ch1/nasuta_jcu_wav.png used on input line 64.
(pdftex.def)             Requested size: 128.03696pt x 85.36057pt.

<image/Ch1/nasuta_jcu_spec.png, id=2513, 359.84438pt x 168.63pt>
File: image/Ch1/nasuta_jcu_spec.png Graphic file (type png)

<use image/Ch1/nasuta_jcu_spec.png>
Package pdftex.def Info: image/Ch1/nasuta_jcu_spec.png used on input line 64.
(pdftex.def)             Requested size: 128.0394pt x 85.35945pt.

<image/Ch1/rothii_jcu_wav.png, id=2514, 362.10281pt x 167.12437pt>
File: image/Ch1/rothii_jcu_wav.png Graphic file (type png)

<use image/Ch1/rothii_jcu_wav.png>
Package pdftex.def Info: image/Ch1/rothii_jcu_wav.png used on input line 64.
(pdftex.def)             Requested size: 128.0363pt x 85.35979pt.

<image/Ch1/rothii_jcu_spec.png, id=2515, 361.35pt x 168.63pt>
File: image/Ch1/rothii_jcu_spec.png Graphic file (type png)

<use image/Ch1/rothii_jcu_spec.png>
Package pdftex.def Info: image/Ch1/rothii_jcu_spec.png used on input line 64.
(pdftex.def)             Requested size: 128.03477pt x 85.35945pt.

<image/Ch1/rubella_jcu_wav.png, id=2516, 361.35pt x 169.38281pt>
File: image/Ch1/rubella_jcu_wav.png Graphic file (type png)

<use image/Ch1/rubella_jcu_wav.png>
Package pdftex.def Info: image/Ch1/rubella_jcu_wav.png used on input line 64.
(pdftex.def)             Requested size: 128.03477pt x 85.3606pt.

<image/Ch1/rubella_jcu_spec.png, id=2517, 358.33875pt x 171.64125pt>
File: image/Ch1/rubella_jcu_spec.png Graphic file (type png)

<use image/Ch1/rubella_jcu_spec.png>
Package pdftex.def Info: image/Ch1/rubella_jcu_spec.png used on input line 64.
(pdftex.def)             Requested size: 128.03952pt x 85.35683pt.

<image/Ch1/mimula_jcu_wav.png, id=2518, 361.35pt x 176.15813pt>
File: image/Ch1/mimula_jcu_wav.png Graphic file (type png)

<use image/Ch1/mimula_jcu_wav.png>
Package pdftex.def Info: image/Ch1/mimula_jcu_wav.png used on input line 64.
(pdftex.def)             Requested size: 128.03477pt x 85.35863pt.

<image/Ch1/mimula_jcu_spec.png, id=2519, 358.33875pt x 174.6525pt>
File: image/Ch1/mimula_jcu_spec.png Graphic file (type png)

<use image/Ch1/mimula_jcu_spec.png>
Package pdftex.def Info: image/Ch1/mimula_jcu_spec.png used on input line 64.
(pdftex.def)             Requested size: 128.03952pt x 85.35927pt.
 [99

 <C:/Users/Jie/Documents/GitHub/Thesis/Jie_Thesis - Monograph/image/Ch1/toad_jc
u_wav.png> <C:/Users/Jie/Documents/GitHub/Thesis/Jie_Thesis - Monograph/image/C
h1/toad_jcu_spec.png> <C:/Users/Jie/Documents/GitHub/Thesis/Jie_Thesis - Monogr
aph/image/Ch1/cyc_jcu_wav.png> <C:/Users/Jie/Documents/GitHub/Thesis/Jie_Thesis
 - Monograph/image/Ch1/cyc_jcu_spec.png> <C:/Users/Jie/Documents/GitHub/Thesis/
Jie_Thesis - Monograph/image/Ch1/ter_jcu_wav.png> <C:/Users/Jie/Documents/GitHu
b/Thesis/Jie_Thesis - Monograph/image/Ch1/ter_jcu_spec.png> <C:/Users/Jie/Docum
ents/GitHub/Thesis/Jie_Thesis - Monograph/image/Ch1/fallax_jcu_wav.png> <C:/Use
rs/Jie/Documents/GitHub/Thesis/Jie_Thesis - Monograph/image/Ch1/fallax_jcu_spec
.png>] [100 <C:/Users/Jie/Documents/GitHub/Thesis/Jie_Thesis - Monograph/image/
Ch1/nasuta_jcu_wav.png> <C:/Users/Jie/Documents/GitHub/Thesis/Jie_Thesis - Mono
graph/image/Ch1/nasuta_jcu_spec.png> <C:/Users/Jie/Documents/GitHub/Thesis/Jie_
Thesis - Monograph/image/Ch1/rothii_jcu_wav.png> <C:/Users/Jie/Documents/GitHub
/Thesis/Jie_Thesis - Monograph/image/Ch1/rothii_jcu_spec.png> <C:/Users/Jie/Doc
uments/GitHub/Thesis/Jie_Thesis - Monograph/image/Ch1/rubella_jcu_wav.png> <C:/
Users/Jie/Documents/GitHub/Thesis/Jie_Thesis - Monograph/image/Ch1/rubella_jcu_
spec.png> <C:/Users/Jie/Documents/GitHub/Thesis/Jie_Thesis - Monograph/image/Ch
1/mimula_jcu_wav.png> <C:/Users/Jie/Documents/GitHub/Thesis/Jie_Thesis - Monogr
aph/image/Ch1/mimula_jcu_spec.png>]
Appendix C.
<image/Ch1/1_signal.png, id=2530, 359.54324pt x 283.0575pt>
File: image/Ch1/1_signal.png Graphic file (type png)

<use image/Ch1/1_signal.png>
Package pdftex.def Info: image/Ch1/1_signal.png used on input line 83.
(pdftex.def)             Requested size: 128.03648pt x 99.58125pt.

<image/Ch1/1_noise.png, id=2531, 359.54324pt x 283.0575pt>
File: image/Ch1/1_noise.png Graphic file (type png)

<use image/Ch1/1_noise.png>
Package pdftex.def Info: image/Ch1/1_noise.png used on input line 83.
(pdftex.def)             Requested size: 128.03648pt x 99.58125pt.

<image/Ch1/2_signal.png, id=2532, 353.52075pt x 283.0575pt>
File: image/Ch1/2_signal.png Graphic file (type png)

<use image/Ch1/2_signal.png>
Package pdftex.def Info: image/Ch1/2_signal.png used on input line 83.
(pdftex.def)             Requested size: 128.03874pt x 99.58125pt.

<image/Ch1/2_noise.png, id=2533, 353.52075pt x 283.0575pt>
File: image/Ch1/2_noise.png Graphic file (type png)

<use image/Ch1/2_noise.png>
Package pdftex.def Info: image/Ch1/2_noise.png used on input line 83.
(pdftex.def)             Requested size: 128.03874pt x 99.58125pt.

<image/Ch1/3_signal.png, id=2534, 359.54324pt x 283.0575pt>
File: image/Ch1/3_signal.png Graphic file (type png)

<use image/Ch1/3_signal.png>
Package pdftex.def Info: image/Ch1/3_signal.png used on input line 100.
(pdftex.def)             Requested size: 128.03648pt x 99.58125pt.

<image/Ch1/3_noise.png, id=2535, 359.54324pt x 283.0575pt>
File: image/Ch1/3_noise.png Graphic file (type png)

<use image/Ch1/3_noise.png>
Package pdftex.def Info: image/Ch1/3_noise.png used on input line 100.
(pdftex.def)             Requested size: 128.03648pt x 99.58125pt.

<image/Ch1/4_signal.png, id=2536, 353.52075pt x 283.0575pt>
File: image/Ch1/4_signal.png Graphic file (type png)

<use image/Ch1/4_signal.png>
Package pdftex.def Info: image/Ch1/4_signal.png used on input line 100.
(pdftex.def)             Requested size: 128.03874pt x 99.58125pt.

<image/Ch1/4_noise.png, id=2537, 353.52075pt x 283.0575pt>
File: image/Ch1/4_noise.png Graphic file (type png)

<use image/Ch1/4_noise.png>
Package pdftex.def Info: image/Ch1/4_noise.png used on input line 100.
(pdftex.def)             Requested size: 128.03874pt x 99.58125pt.

<image/Ch1/5_signal.png, id=2538, 353.52075pt x 283.0575pt>
File: image/Ch1/5_signal.png Graphic file (type png)

<use image/Ch1/5_signal.png>
Package pdftex.def Info: image/Ch1/5_signal.png used on input line 100.
(pdftex.def)             Requested size: 128.03874pt x 99.58125pt.
File: image/Ch1/5_signal.png Graphic file (type png)
 <use image/Ch1/5_signal.png>
Package pdftex.def Info: image/Ch1/5_signal.png used on input line 100.
(pdftex.def)             Requested size: 128.03874pt x 99.58125pt.

<image/Ch1/6_signal.png, id=2539, 359.54324pt x 283.0575pt>
File: image/Ch1/6_signal.png Graphic file (type png)

<use image/Ch1/6_signal.png>
Package pdftex.def Info: image/Ch1/6_signal.png used on input line 100.
(pdftex.def)             Requested size: 128.03648pt x 99.58125pt.

<image/Ch1/6_noise.png, id=2540, 353.52075pt x 283.0575pt>
File: image/Ch1/6_noise.png Graphic file (type png)

<use image/Ch1/6_noise.png>
Package pdftex.def Info: image/Ch1/6_noise.png used on input line 100.
(pdftex.def)             Requested size: 128.03874pt x 99.58125pt.

<image/Ch1/7_signal.png, id=2541, 353.52075pt x 283.0575pt>
File: image/Ch1/7_signal.png Graphic file (type png)

<use image/Ch1/7_signal.png>
Package pdftex.def Info: image/Ch1/7_signal.png used on input line 100.
(pdftex.def)             Requested size: 128.03874pt x 99.58125pt.

<image/Ch1/7_noise.png, id=2542, 353.52075pt x 283.0575pt>
File: image/Ch1/7_noise.png Graphic file (type png)

<use image/Ch1/7_noise.png>
Package pdftex.def Info: image/Ch1/7_noise.png used on input line 100.
(pdftex.def)             Requested size: 128.03874pt x 99.58125pt.

<image/Ch1/8_signal.png, id=2543, 353.52075pt x 283.0575pt>
File: image/Ch1/8_signal.png Graphic file (type png)

<use image/Ch1/8_signal.png>
Package pdftex.def Info: image/Ch1/8_signal.png used on input line 100.
(pdftex.def)             Requested size: 128.03874pt x 99.58125pt.

<image/Ch1/8_noise.png, id=2544, 359.54324pt x 283.0575pt>
File: image/Ch1/8_noise.png Graphic file (type png)

<use image/Ch1/8_noise.png>
Package pdftex.def Info: image/Ch1/8_noise.png used on input line 100.
(pdftex.def)             Requested size: 128.03648pt x 99.58125pt.
 [101

 <C:/Users/Jie/Documents/GitHub/Thesis/Jie_Thesis - Monograph/image/Ch1/1_signa
l.png> <C:/Users/Jie/Documents/GitHub/Thesis/Jie_Thesis - Monograph/image/Ch1/1
_noise.png> <C:/Users/Jie/Documents/GitHub/Thesis/Jie_Thesis - Monograph/image/
Ch1/2_signal.png> <C:/Users/Jie/Documents/GitHub/Thesis/Jie_Thesis - Monograph/
image/Ch1/2_noise.png>]

LaTeX Warning: Text page 102 contains only floats.


Overfull \vbox (7.29597pt too high) has occurred while \output is active []


[102 <C:/Users/Jie/Documents/GitHub/Thesis/Jie_Thesis - Monograph/image/Ch1/3_s
ignal.png> <C:/Users/Jie/Documents/GitHub/Thesis/Jie_Thesis - Monograph/image/C
h1/3_noise.png> <C:/Users/Jie/Documents/GitHub/Thesis/Jie_Thesis - Monograph/im
age/Ch1/4_signal.png> <C:/Users/Jie/Documents/GitHub/Thesis/Jie_Thesis - Monogr
aph/image/Ch1/4_noise.png> <C:/Users/Jie/Documents/GitHub/Thesis/Jie_Thesis - M
onograph/image/Ch1/5_signal.png> <C:/Users/Jie/Documents/GitHub/Thesis/Jie_Thes
is - Monograph/image/Ch1/6_signal.png> <C:/Users/Jie/Documents/GitHub/Thesis/Ji
e_Thesis - Monograph/image/Ch1/6_noise.png> <C:/Users/Jie/Documents/GitHub/Thes
is/Jie_Thesis - Monograph/image/Ch1/7_signal.png> <C:/Users/Jie/Documents/GitHu
b/Thesis/Jie_Thesis - Monograph/image/Ch1/7_noise.png> <C:/Users/Jie/Documents/
GitHub/Thesis/Jie_Thesis - Monograph/image/Ch1/8_signal.png> <C:/Users/Jie/Docu
ments/GitHub/Thesis/Jie_Thesis - Monograph/image/Ch1/8_noise.png>]
Appendix D.
) [103

]
("C:\Users\Jie\Documents\GitHub\Thesis\Jie_Thesis - Monograph\ThesisMainFile.bb
l" [104


] [105] [106] [107] [108] [109]
Underfull \hbox (badness 1226) in paragraph at lines 341--345
[]\OT1/ptm/m/n/12 Noda, J. J., Travieso, C. M., and S?nchez-Rodr?guez, D. (2016
).  Method-ol-ogy for
 []


Underfull \hbox (badness 1430) in paragraph at lines 389--394
\OT1/ptm/m/n/12 In \OT1/ptm/m/it/12 Acous-tics, Speech, and Sig-nal Pro-cess-in
g, 2004. Pro-ceed-ings.(ICASSP'04). IEEE
 []

[110] [111]) [112] [113

] [114

]
Package atveryend Info: Empty hook `BeforeClearDocument' on input line 72.
Package atveryend Info: Empty hook `AfterLastShipout' on input line 72.

("C:\Users\Jie\Documents\GitHub\Thesis\Jie_Thesis - Monograph\ThesisMainFile.au
x"
("C:\Users\Jie\Documents\GitHub\Thesis\Jie_Thesis - Monograph\Ch0FrontPart.aux"
) ("C:\Users\Jie\Documents\GitHub\Thesis\Jie_Thesis - Monograph\nomenclature.au
x")
("C:\Users\Jie\Documents\GitHub\Thesis\Jie_Thesis - Monograph\Ch1Introduction.a
ux")
("C:\Users\Jie\Documents\GitHub\Thesis\Jie_Thesis - Monograph\Ch2LiteratureRevi
ew.aux") ("C:\Users\Jie\Documents\GitHub\Thesis\Jie_Thesis - Monograph\Ch4.aux"
) ("C:\Users\Jie\Documents\GitHub\Thesis\Jie_Thesis - Monograph\Ch5.aux")
("C:\Users\Jie\Documents\GitHub\Thesis\Jie_Thesis - Monograph\Ch6.aux")
("C:\Users\Jie\Documents\GitHub\Thesis\Jie_Thesis - Monograph\Ch7.aux")
("C:\Users\Jie\Documents\GitHub\Thesis\Jie_Thesis - Monograph\Ch8Conclusions.au
x") ("C:\Users\Jie\Documents\GitHub\Thesis\Jie_Thesis - Monograph\Appendix.aux"
))
Package atveryend Info: Executing hook `AtVeryEndDocument' on input line 72.
Package atveryend Info: Executing hook `AtEndAfterFileList' on input line 72.
Package rerunfilecheck Info: File `ThesisMainFile.out' has not changed.
(rerunfilecheck)             Checksum: 6E06B6685F8B35F7C24FD9E03CD99EC6;8091.
Package atveryend Info: Empty hook `AtVeryVeryEnd' on input line 72.
 ) 
Here is how much of TeX's memory you used:
 11579 strings out of 493921
 180301 string characters out of 3149293
 303448 words of memory out of 3000000
 14008 multiletter control sequences out of 15000+200000
 36391 words of font info for 78 fonts, out of 3000000 for 9000
 844 hyphenation exceptions out of 8191
 42i,20n,77p,1914b,599s stack positions out of 5000i,500n,10000p,200000b,50000s
{C:/Jie/software/MiKTeX/fonts/enc/dvips/fontname/8r.enc}<C:/Jie/software/MiKT
eX/fonts/type1/public/amsfonts/cm/cmex10.pfb><C:/Jie/software/MiKTeX/fonts/type
1/public/amsfonts/cm/cmmi10.pfb><C:/Jie/software/MiKTeX/fonts/type1/public/amsf
onts/cm/cmmi12.pfb><C:/Jie/software/MiKTeX/fonts/type1/public/amsfonts/cm/cmmi6
.pfb><C:/Jie/software/MiKTeX/fonts/type1/public/amsfonts/cm/cmmi8.pfb><C:/Jie/s
oftware/MiKTeX/fonts/type1/public/amsfonts/cm/cmr12.pfb><C:/Jie/software/MiKTeX
/fonts/type1/public/amsfonts/cm/cmr6.pfb><C:/Jie/software/MiKTeX/fonts/type1/pu
blic/amsfonts/cm/cmr8.pfb><C:/Jie/software/MiKTeX/fonts/type1/public/amsfonts/c
m/cmsy10.pfb><C:/Jie/software/MiKTeX/fonts/type1/public/amsfonts/cm/cmsy6.pfb><
C:/Jie/software/MiKTeX/fonts/type1/public/amsfonts/cm/cmsy8.pfb><C:/Jie/softwar
e/MiKTeX/fonts/type1/public/amsfonts/latxfont/line10.pfb><C:/Jie/software/MiKTe
X/fonts/type1/urw/times/utmb8a.pfb><C:/Jie/software/MiKTeX/fonts/type1/urw/time
s/utmr8a.pfb><C:/Jie/software/MiKTeX/fonts/type1/urw/times/utmri8a.pfb>
Output written on ThesisMainFile.pdf (140 pages, 9087450 bytes).
PDF statistics:
 2769 PDF objects out of 2984 (max. 8388607)
 511 named destinations out of 1000 (max. 500000)
 1325 words of extra memory for PDF output out of 10000 (max. 10000000)

