This is pdfTeX, Version 3.1415926-2.5-1.40.14 (MiKTeX 2.9 64-bit) (preloaded format=pdflatex 2015.1.31)  17 AUG 2016 09:32
entering extended mode
**ThesisMainFile.tex

("C:\Users\Jie\Documents\GitHub\Thesis\Jie_Thesis - Monograph_revisied\ThesisMa
inFile.tex"
LaTeX2e <2011/06/27>
Babel <v3.8m> and hyphenation patterns for english, afrikaans, ancientgreek, ar
abic, armenian, assamese, basque, bengali, bokmal, bulgarian, catalan, coptic, 
croatian, czech, danish, dutch, esperanto, estonian, farsi, finnish, french, ga
lician, german, german-x-2013-05-26, greek, gujarati, hindi, hungarian, iceland
ic, indonesian, interlingua, irish, italian, kannada, kurmanji, latin, latvian,
 lithuanian, malayalam, marathi, mongolian, mongolianlmc, monogreek, ngerman, n
german-x-2013-05-26, nynorsk, oriya, panjabi, pinyin, polish, portuguese, roman
ian, russian, sanskrit, serbian, slovak, slovenian, spanish, swedish, swissgerm
an, tamil, telugu, turkish, turkmen, ukenglish, ukrainian, uppersorbian, usengl
ishmax, welsh, loaded.
(C:\Jie\software\MiKTeX\tex\latex\base\report.cls
Document Class: report 2007/10/19 v1.4h Standard LaTeX document class
(C:\Jie\software\MiKTeX\tex\latex\base\size12.clo
File: size12.clo 2007/10/19 v1.4h Standard LaTeX file (size option)
)
\c@part=\count79
\c@chapter=\count80
\c@section=\count81
\c@subsection=\count82
\c@subsubsection=\count83
\c@paragraph=\count84
\c@subparagraph=\count85
\c@figure=\count86
\c@table=\count87
\abovecaptionskip=\skip41
\belowcaptionskip=\skip42
\bibindent=\dimen102
)
("C:\Users\Jie\Documents\GitHub\Thesis\Jie_Thesis - Monograph_revisied\qutthesi
s.sty"
Document Style Option `qutthesis' for latex2e <$Date: 09/25/2002 $>.
Note that this tries to fulfill the QUT Thesis requirements but it is unofficia
l
Developed by Yu-Chu Tian, Computer Science, QUT

("C:\Users\Jie\Documents\GitHub\Thesis\Jie_Thesis - Monograph_revisied\setspace
.sty"
Package: setspace 2011/12/19 v6.7a set line spacing
) (C:\Jie\software\MiKTeX\tex\latex\psnfss\times.sty
Package: times 2005/04/12 PSNFSS-v9.2a (SPQR) 
)
(C:\Jie\software\MiKTeX\tex\latex\graphics\graphicx.sty
Package: graphicx 1999/02/16 v1.0f Enhanced LaTeX Graphics (DPC,SPQR)

(C:\Jie\software\MiKTeX\tex\latex\graphics\keyval.sty
Package: keyval 1999/03/16 v1.13 key=value parser (DPC)
\KV@toks@=\toks14
)
(C:\Jie\software\MiKTeX\tex\latex\graphics\graphics.sty
Package: graphics 2009/02/05 v1.0o Standard LaTeX Graphics (DPC,SPQR)

(C:\Jie\software\MiKTeX\tex\latex\graphics\trig.sty
Package: trig 1999/03/16 v1.09 sin cos tan (DPC)
)
(C:\Jie\software\MiKTeX\tex\latex\00miktex\graphics.cfg
File: graphics.cfg 2007/01/18 v1.5 graphics configuration of teTeX/TeXLive
)
Package graphics Info: Driver file: pdftex.def on input line 91.

(C:\Jie\software\MiKTeX\tex\latex\pdftex-def\pdftex.def
File: pdftex.def 2011/05/27 v0.06d Graphics/color for pdfTeX

(C:\Jie\software\MiKTeX\tex\generic\oberdiek\infwarerr.sty
Package: infwarerr 2010/04/08 v1.3 Providing info/warning/error messages (HO)
)
(C:\Jie\software\MiKTeX\tex\generic\oberdiek\ltxcmds.sty
Package: ltxcmds 2011/11/09 v1.22 LaTeX kernel commands for general use (HO)
)
\Gread@gobject=\count88
))
\Gin@req@height=\dimen103
\Gin@req@width=\dimen104
)
(C:\Jie\software\MiKTeX\tex\latex\base\ifthen.sty
Package: ifthen 2001/05/26 v1.1c Standard LaTeX ifthen package (DPC)
)
(C:\Jie\software\MiKTeX\tex\latex\fancyhdr\fancyhdr.sty
\fancy@headwidth=\skip43
\f@ncyO@elh=\skip44
\f@ncyO@erh=\skip45
\f@ncyO@olh=\skip46
\f@ncyO@orh=\skip47
\f@ncyO@elf=\skip48
\f@ncyO@erf=\skip49
\f@ncyO@olf=\skip50
\f@ncyO@orf=\skip51
)
\c@appendix=\count89
\c@theorem=\count90
\c@lemma=\count91
\c@remark=\count92
\c@corollary=\count93
)
(C:\Jie\software\MiKTeX\tex\latex\amsmath\amsmath.sty
Package: amsmath 2013/01/14 v2.14 AMS math features
\@mathmargin=\skip52

For additional information on amsmath, use the `?' option.
(C:\Jie\software\MiKTeX\tex\latex\amsmath\amstext.sty
Package: amstext 2000/06/29 v2.01

(C:\Jie\software\MiKTeX\tex\latex\amsmath\amsgen.sty
File: amsgen.sty 1999/11/30 v2.0
\@emptytoks=\toks15
\ex@=\dimen105
))
(C:\Jie\software\MiKTeX\tex\latex\amsmath\amsbsy.sty
Package: amsbsy 1999/11/29 v1.2d
\pmbraise@=\dimen106
)
(C:\Jie\software\MiKTeX\tex\latex\amsmath\amsopn.sty
Package: amsopn 1999/12/14 v2.01 operator names
)
\inf@bad=\count94
LaTeX Info: Redefining \frac on input line 210.
\uproot@=\count95
\leftroot@=\count96
LaTeX Info: Redefining \overline on input line 306.
\classnum@=\count97
\DOTSCASE@=\count98
LaTeX Info: Redefining \ldots on input line 378.
LaTeX Info: Redefining \dots on input line 381.
LaTeX Info: Redefining \cdots on input line 466.
\Mathstrutbox@=\box26
\strutbox@=\box27
\big@size=\dimen107
LaTeX Font Info:    Redeclaring font encoding OML on input line 566.
LaTeX Font Info:    Redeclaring font encoding OMS on input line 567.
\macc@depth=\count99
\c@MaxMatrixCols=\count100
\dotsspace@=\muskip10
\c@parentequation=\count101
\dspbrk@lvl=\count102
\tag@help=\toks16
\row@=\count103
\column@=\count104
\maxfields@=\count105
\andhelp@=\toks17
\eqnshift@=\dimen108
\alignsep@=\dimen109
\tagshift@=\dimen110
\tagwidth@=\dimen111
\totwidth@=\dimen112
\lineht@=\dimen113
\@envbody=\toks18
\multlinegap=\skip53
\multlinetaggap=\skip54
\mathdisplay@stack=\toks19
LaTeX Info: Redefining \[ on input line 2665.
LaTeX Info: Redefining \] on input line 2666.
)
(C:\Jie\software\MiKTeX\tex\latex\amsfonts\amssymb.sty
Package: amssymb 2013/01/14 v3.01 AMS font symbols

(C:\Jie\software\MiKTeX\tex\latex\amsfonts\amsfonts.sty
Package: amsfonts 2013/01/14 v3.01 Basic AMSFonts support
\symAMSa=\mathgroup4
\symAMSb=\mathgroup5
LaTeX Font Info:    Overwriting math alphabet `\mathfrak' in version `bold'
(Font)                  U/euf/m/n --> U/euf/b/n on input line 106.
))
(C:\Jie\software\MiKTeX\tex\latex\tools\verbatim.sty
Package: verbatim 2003/08/22 v1.5q LaTeX2e package for verbatim enhancements
\every@verbatim=\toks20
\verbatim@line=\toks21
\verbatim@in@stream=\read1
)
(C:\Jie\software\MiKTeX\tex\latex\nomencl\nomencl.sty
Package: nomencl 2005/09/22 v4.2 Nomenclature package (LN)
\nomlabelwidth=\dimen114
\nom@tempdim=\dimen115
\nomitemsep=\skip55
)
(C:\Jie\software\MiKTeX\tex\latex\tools\longtable.sty
Package: longtable 2004/02/01 v4.11 Multi-page Table package (DPC)
\LTleft=\skip56
\LTright=\skip57
\LTpre=\skip58
\LTpost=\skip59
\LTchunksize=\count106
\LTcapwidth=\dimen116
\LT@head=\box28
\LT@firsthead=\box29
\LT@foot=\box30
\LT@lastfoot=\box31
\LT@cols=\count107
\LT@rows=\count108
\c@LT@tables=\count109
\c@LT@chunks=\count110
\LT@p@ftn=\toks22
)
(C:\Jie\software\MiKTeX\tex\latex\hyperref\hyperref.sty
Package: hyperref 2012/11/06 v6.83m Hypertext links for LaTeX

(C:\Jie\software\MiKTeX\tex\generic\oberdiek\hobsub-hyperref.sty
Package: hobsub-hyperref 2012/04/25 v1.12 Bundle oberdiek, subset hyperref (HO)


(C:\Jie\software\MiKTeX\tex\generic\oberdiek\hobsub-generic.sty
Package: hobsub-generic 2012/04/25 v1.12 Bundle oberdiek, subset generic (HO)
Package: hobsub 2012/04/25 v1.12 Construct package bundles (HO)
Package hobsub Info: Skipping package `infwarerr' (already loaded).
Package hobsub Info: Skipping package `ltxcmds' (already loaded).
Package: ifluatex 2010/03/01 v1.3 Provides the ifluatex switch (HO)
Package ifluatex Info: LuaTeX not detected.
Package: ifvtex 2010/03/01 v1.5 Detect VTeX and its facilities (HO)
Package ifvtex Info: VTeX not detected.
Package: intcalc 2007/09/27 v1.1 Expandable calculations with integers (HO)
Package: ifpdf 2011/01/30 v2.3 Provides the ifpdf switch (HO)
Package ifpdf Info: pdfTeX in PDF mode is detected.
Package: etexcmds 2011/02/16 v1.5 Avoid name clashes with e-TeX commands (HO)
Package etexcmds Info: Could not find \expanded.
(etexcmds)             That can mean that you are not using pdfTeX 1.50 or
(etexcmds)             that some package has redefined \expanded.
(etexcmds)             In the latter case, load this package earlier.
Package: kvsetkeys 2012/04/25 v1.16 Key value parser (HO)
Package: kvdefinekeys 2011/04/07 v1.3 Define keys (HO)
Package: pdftexcmds 2011/11/29 v0.20 Utility functions of pdfTeX for LuaTeX (HO
)
Package pdftexcmds Info: LuaTeX not detected.
Package pdftexcmds Info: \pdf@primitive is available.
Package pdftexcmds Info: \pdf@ifprimitive is available.
Package pdftexcmds Info: \pdfdraftmode found.
Package: pdfescape 2011/11/25 v1.13 Implements pdfTeX's escape features (HO)
Package: bigintcalc 2012/04/08 v1.3 Expandable calculations on big integers (HO
)
Package: bitset 2011/01/30 v1.1 Handle bit-vector datatype (HO)
Package: uniquecounter 2011/01/30 v1.2 Provide unlimited unique counter (HO)
)
Package hobsub Info: Skipping package `hobsub' (already loaded).
Package: letltxmacro 2010/09/02 v1.4 Let assignment for LaTeX macros (HO)
Package: hopatch 2011/06/24 v1.1 Wrapper for package hooks (HO)
Package: xcolor-patch 2011/01/30 xcolor patch
Package: atveryend 2011/06/30 v1.8 Hooks at the very end of document (HO)
Package atveryend Info: \enddocument detected (standard20110627).
Package: atbegshi 2011/10/05 v1.16 At begin shipout hook (HO)
Package: refcount 2011/10/16 v3.4 Data extraction from label references (HO)
Package: hycolor 2011/01/30 v1.7 Color options for hyperref/bookmark (HO)
)
(C:\Jie\software\MiKTeX\tex\generic\ifxetex\ifxetex.sty
Package: ifxetex 2010/09/12 v0.6 Provides ifxetex conditional
)
(C:\Jie\software\MiKTeX\tex\latex\oberdiek\auxhook.sty
Package: auxhook 2011/03/04 v1.3 Hooks for auxiliary files (HO)
)
(C:\Jie\software\MiKTeX\tex\latex\oberdiek\kvoptions.sty
Package: kvoptions 2011/06/30 v3.11 Key value format for package options (HO)
)
\@linkdim=\dimen117
\Hy@linkcounter=\count111
\Hy@pagecounter=\count112

(C:\Jie\software\MiKTeX\tex\latex\hyperref\pd1enc.def
File: pd1enc.def 2012/11/06 v6.83m Hyperref: PDFDocEncoding definition (HO)
)
\Hy@SavedSpaceFactor=\count113

(C:\Jie\software\MiKTeX\tex\latex\00miktex\hyperref.cfg
File: hyperref.cfg 2002/06/06 v1.2 hyperref configuration of TeXLive
)
Package hyperref Info: Hyper figures OFF on input line 4443.
Package hyperref Info: Link nesting OFF on input line 4448.
Package hyperref Info: Hyper index ON on input line 4451.
Package hyperref Info: Plain pages OFF on input line 4458.
Package hyperref Info: Backreferencing OFF on input line 4463.
Package hyperref Info: Implicit mode ON; LaTeX internals redefined.
Package hyperref Info: Bookmarks ON on input line 4688.
\c@Hy@tempcnt=\count114

(C:\Jie\software\MiKTeX\tex\latex\url\url.sty
\Urlmuskip=\muskip11
Package: url 2013/09/16  ver 3.4  Verb mode for urls, etc.
)
LaTeX Info: Redefining \url on input line 5041.
\XeTeXLinkMargin=\dimen118
\Fld@menulength=\count115
\Field@Width=\dimen119
\Fld@charsize=\dimen120
Package hyperref Info: Hyper figures OFF on input line 6295.
Package hyperref Info: Link nesting OFF on input line 6300.
Package hyperref Info: Hyper index ON on input line 6303.
Package hyperref Info: backreferencing OFF on input line 6310.
Package hyperref Info: Link coloring OFF on input line 6315.
Package hyperref Info: Link coloring with OCG OFF on input line 6320.
Package hyperref Info: PDF/A mode OFF on input line 6325.
LaTeX Info: Redefining \ref on input line 6365.
LaTeX Info: Redefining \pageref on input line 6369.
\Hy@abspage=\count116
\c@Item=\count117
\c@Hfootnote=\count118
)

Package hyperref Message: Driver (autodetected): hpdftex.

(C:\Jie\software\MiKTeX\tex\latex\hyperref\hpdftex.def
File: hpdftex.def 2012/11/06 v6.83m Hyperref driver for pdfTeX
\Fld@listcount=\count119
\c@bookmark@seq@number=\count120

(C:\Jie\software\MiKTeX\tex\latex\oberdiek\rerunfilecheck.sty
Package: rerunfilecheck 2011/04/15 v1.7 Rerun checks for auxiliary files (HO)
Package uniquecounter Info: New unique counter `rerunfilecheck' on input line 2
82.
)
\Hy@SectionHShift=\skip60
)
(C:\Jie\software\MiKTeX\tex\latex\natbib\natbib.sty
Package: natbib 2010/09/13 8.31b (PWD, AO)
\bibhang=\skip61
\bibsep=\skip62
LaTeX Info: Redefining \cite on input line 694.
\c@NAT@ctr=\count121
)
(C:\Jie\software\MiKTeX\tex\latex\caption\subcaption.sty
Package: subcaption 2013/02/03 v1.1-62 Sub-captions (AR)

(C:\Jie\software\MiKTeX\tex\latex\caption\caption.sty
Package: caption 2013/05/02 v3.3-89 Customizing captions (AR)

(C:\Jie\software\MiKTeX\tex\latex\caption\caption3.sty
Package: caption3 2013/05/02 v1.6-88 caption3 kernel (AR)
Package caption3 Info: TeX engine: e-TeX on input line 57.
\captionmargin=\dimen121
\captionmargin@=\dimen122
\captionwidth=\dimen123
\caption@tempdima=\dimen124
\caption@indent=\dimen125
\caption@parindent=\dimen126
\caption@hangindent=\dimen127
)
\c@ContinuedFloat=\count122
Package caption Info: hyperref package is loaded.
Package caption Info: longtable package is loaded.

(C:\Jie\software\MiKTeX\tex\latex\caption\ltcaption.sty
Package: ltcaption 2013/02/03 v1.3-62 longtable captions (AR)
))
\c@subfigure=\count123
\c@subtable=\count124
)
(C:\Jie\software\MiKTeX\tex\latex\booktabs\booktabs.sty
Package: booktabs 2005/04/14 v1.61803 publication quality tables
\heavyrulewidth=\dimen128
\lightrulewidth=\dimen129
\cmidrulewidth=\dimen130
\belowrulesep=\dimen131
\belowbottomsep=\dimen132
\aboverulesep=\dimen133
\abovetopsep=\dimen134
\cmidrulesep=\dimen135
\cmidrulekern=\dimen136
\defaultaddspace=\dimen137
\@cmidla=\count125
\@cmidlb=\count126
\@aboverulesep=\dimen138
\@belowrulesep=\dimen139
\@thisruleclass=\count127
\@lastruleclass=\count128
\@thisrulewidth=\dimen140
)
(C:\Jie\software\MiKTeX\tex\latex\multirow\multirow.sty
\bigstrutjot=\dimen141
)
(C:\Jie\software\MiKTeX\tex\latex\tools\tabularx.sty
Package: tabularx 1999/01/07 v2.07 `tabularx' package (DPC)

(C:\Jie\software\MiKTeX\tex\latex\tools\array.sty
Package: array 2008/09/09 v2.4c Tabular extension package (FMi)
\col@sep=\dimen142
\extrarowheight=\dimen143
\NC@list=\toks23
\extratabsurround=\skip63
\backup@length=\skip64
)
\TX@col@width=\dimen144
\TX@old@table=\dimen145
\TX@old@col=\dimen146
\TX@target=\dimen147
\TX@delta=\dimen148
\TX@cols=\count129
\TX@ftn=\toks24
)
(C:\Jie\software\MiKTeX\tex\latex\ltablex\ltablex.sty
Package: ltablex 2014/08/13 v1.1 Modified tabularx
)
(C:\Jie\software\MiKTeX\tex\latex\tools\hhline.sty
Package: hhline 1994/05/23 v2.03 Table rule package (DPC)
)
(C:\Jie\software\MiKTeX\tex\latex\float\float.sty
Package: float 2001/11/08 v1.3d Float enhancements (AL)
\c@float@type=\count130
\float@exts=\toks25
\float@box=\box32
\@float@everytoks=\toks26
\@floatcapt=\box33
)
(C:\Jie\software\MiKTeX\tex\latex\lipsum\lipsum.sty
Package: lipsum 2014/07/27 v1.3 150 paragraphs of Lorem Ipsum dummy text
\c@lips@count=\count131
)
(C:\Jie\software\MiKTeX\tex\latex\oberdiek\epstopdf.sty
Package: epstopdf 2010/02/09 v2.5 Conversion with epstopdf on the fly (HO)

(C:\Jie\software\MiKTeX\tex\latex\oberdiek\epstopdf-base.sty
Package: epstopdf-base 2010/02/09 v2.5 Base part for package epstopdf

(C:\Jie\software\MiKTeX\tex\latex\oberdiek\grfext.sty
Package: grfext 2010/08/19 v1.1 Manage graphics extensions (HO)
)
Package grfext Info: Graphics extension search list:
(grfext)             [.png,.pdf,.jpg,.mps,.jpeg,.jbig2,.jb2,.PNG,.PDF,.JPG,.JPE
G,.JBIG2,.JB2,.eps]
(grfext)             \AppendGraphicsExtensions on input line 452.
))
(C:\Jie\software\MiKTeX\tex\latex\rotating\rotating.sty
Package: rotating 2009/03/28 v2.16a rotated objects in LaTeX
\c@r@tfl@t=\count132
\rotFPtop=\skip65
\rotFPbot=\skip66
\rot@float@box=\box34
\rot@mess@toks=\toks27
)
("C:\Users\Jie\Documents\GitHub\Thesis\Jie_Thesis - Monograph_revisied\slashbox
.sty"
slashbox style by K.Yasuoka, May 1993.
\@slashboxa=\box35
\@slashboxb=\box36
\@slashboxc=\box37
\@slashboxwd=\count133
\@slashboxht=\count134
\@slashsepl=\dimen149
\@slashsepr=\dimen150
) (C:\Jie\software\MiKTeX\tex\latex\realboxes\realboxes.sty
Package: realboxes 2011/08/08 v0.2 Change box commands to read there content as
 real boxes

(C:\Jie\software\MiKTeX\tex\latex\collectbox\collectbox.sty
Package: collectbox 2012/05/17 v0.4b Collect macro arguments as boxes
\collectedbox=\box38
)
(C:\Jie\software\MiKTeX\tex\latex\adjustbox\adjcalc.sty
Package: adjcalc 2012/05/16 v1.1 Provides advanced setlength with multiple back
-ends (calc, etex, pgfmath)

(C:\Jie\software\MiKTeX\tex\latex\xkeyval\xkeyval.sty
Package: xkeyval 2012/10/14 v2.6b package option processing (HA)

(C:\Jie\software\MiKTeX\tex\generic\xkeyval\xkeyval.tex
\XKV@toks=\toks28
\XKV@tempa@toks=\toks29
\XKV@depth=\count135
File: xkeyval.tex 2012/10/14 v2.6b key=value parser (HA)
))))
(C:\Jie\software\MiKTeX\tex\latex\algorithm2e\algorithm2e.sty
Package: algorithm2e 2013/01/06 v5.00 algorithms environments
\c@AlgoLine=\count136

(C:\Jie\software\MiKTeX\tex\latex\tools\xspace.sty
Package: xspace 2009/10/20 v1.13 Space after command names (DPC,MH)
)
(C:\Jie\software\MiKTeX\tex\latex\ltxmisc\relsize.sty
Package: relsize 2003/07/04 ver 3.1
)
********************************************************
Package `algorithm2e' Release 5.0 -- january 06 2013 --
- algorithm2e-announce@lirmm.fr mailing list for announcement about releases
- algorithm2e-discussion@lirmm.fr mailing list for discussion about package
subscribe by emailing sympa@lirmm.fr with 'subscribe <list> <firstname name>'
- Author: Christophe Fiorio (cfiorio@um2.fr)
********************************************************
\skiptotal=\skip67
\skiplinenumber=\skip68
\skiprule=\skip69
\skiphlne=\skip70
\skiptext=\skip71
\skiplength=\skip72
\algomargin=\skip73
\skipalgocfslide=\skip74
\algowidth=\dimen151
\inoutsize=\dimen152
\inoutindent=\dimen153
\interspacetitleruled=\dimen154
\interspacealgoruled=\dimen155
\interspacetitleboxruled=\dimen156
\algocf@inoutbox=\box39
\algocf@inputbox=\box40
\AlCapSkip=\skip75
\AlCapHSkip=\skip76
\algoskipindent=\skip77
\algocf@nlbox=\box41
\algocf@hangingbox=\box42
\algocf@untilbox=\box43
\algocf@skipuntil=\skip78
\algocf@capbox=\box44
\algoheightruledefault=\skip79
\algoheightrule=\skip80
\algotitleheightruledefault=\skip81
\algotitleheightrule=\skip82
\c@algocfline=\count137
\c@algocfproc=\count138
\c@algocf=\count139
\algocf@algoframe=\box45
\algocf@algobox=\box46
) (C:\Jie\software\MiKTeX\tex\latex\graphics\color.sty
Package: color 2005/11/14 v1.0j Standard LaTeX Color (DPC)

(C:\Jie\software\MiKTeX\tex\latex\00miktex\color.cfg
File: color.cfg 2007/01/18 v1.5 color configuration of teTeX/TeXLive
)
Package color Info: Driver file: pdftex.def on input line 130.
)
("C:\Users\Jie\Documents\GitHub\Thesis\Jie_Thesis - Monograph_revisied\ThesisMa
inFile.aux"
("C:\Users\Jie\Documents\GitHub\Thesis\Jie_Thesis - Monograph_revisied\Ch0Front
Part.aux")
("C:\Users\Jie\Documents\GitHub\Thesis\Jie_Thesis - Monograph_revisied\nomencla
ture.aux")
("C:\Users\Jie\Documents\GitHub\Thesis\Jie_Thesis - Monograph_revisied\Ch1Intro
duction.aux")
("C:\Users\Jie\Documents\GitHub\Thesis\Jie_Thesis - Monograph_revisied\Ch2Liter
atureReview.aux")
("C:\Users\Jie\Documents\GitHub\Thesis\Jie_Thesis - Monograph_revisied\Ch4.aux"
) ("C:\Users\Jie\Documents\GitHub\Thesis\Jie_Thesis - Monograph_revisied\Ch5.au
x")
("C:\Users\Jie\Documents\GitHub\Thesis\Jie_Thesis - Monograph_revisied\Ch6.aux"
) ("C:\Users\Jie\Documents\GitHub\Thesis\Jie_Thesis - Monograph_revisied\Ch7.au
x")
("C:\Users\Jie\Documents\GitHub\Thesis\Jie_Thesis - Monograph_revisied\Ch8Concl
usions.aux")
("C:\Users\Jie\Documents\GitHub\Thesis\Jie_Thesis - Monograph_revisied\Appendix
.aux"))
LaTeX Font Info:    Checking defaults for OML/cmm/m/it on input line 39.
LaTeX Font Info:    ... okay on input line 39.
LaTeX Font Info:    Checking defaults for T1/cmr/m/n on input line 39.
LaTeX Font Info:    ... okay on input line 39.
LaTeX Font Info:    Checking defaults for OT1/cmr/m/n on input line 39.
LaTeX Font Info:    ... okay on input line 39.
LaTeX Font Info:    Checking defaults for OMS/cmsy/m/n on input line 39.
LaTeX Font Info:    ... okay on input line 39.
LaTeX Font Info:    Checking defaults for OMX/cmex/m/n on input line 39.
LaTeX Font Info:    ... okay on input line 39.
LaTeX Font Info:    Checking defaults for U/cmr/m/n on input line 39.
LaTeX Font Info:    ... okay on input line 39.
LaTeX Font Info:    Checking defaults for PD1/pdf/m/n on input line 39.
LaTeX Font Info:    ... okay on input line 39.
LaTeX Font Info:    Try loading font information for OT1+ptm on input line 39.
 (C:\Jie\software\MiKTeX\tex\latex\psnfss\ot1ptm.fd
File: ot1ptm.fd 2001/06/04 font definitions for OT1/ptm.
)
(C:\Jie\software\MiKTeX\tex\context\base\supp-pdf.mkii
[Loading MPS to PDF converter (version 2006.09.02).]
\scratchcounter=\count140
\scratchdimen=\dimen157
\scratchbox=\box47
\nofMPsegments=\count141
\nofMParguments=\count142
\everyMPshowfont=\toks30
\MPscratchCnt=\count143
\MPscratchDim=\dimen158
\MPnumerator=\count144
\makeMPintoPDFobject=\count145
\everyMPtoPDFconversion=\toks31
)
\AtBeginShipoutBox=\box48
Package hyperref Info: Link coloring OFF on input line 39.
 (C:\Jie\software\MiKTeX\tex\latex\hyperref\nameref.sty
Package: nameref 2012/10/27 v2.43 Cross-referencing by name of section

(C:\Jie\software\MiKTeX\tex\generic\oberdiek\gettitlestring.sty
Package: gettitlestring 2010/12/03 v1.4 Cleanup title references (HO)
)
\c@section@level=\count146
)
LaTeX Info: Redefining \ref on input line 39.
LaTeX Info: Redefining \pageref on input line 39.
LaTeX Info: Redefining \nameref on input line 39.

("C:\Users\Jie\Documents\GitHub\Thesis\Jie_Thesis - Monograph_revisied\ThesisMa
inFile.out")
("C:\Users\Jie\Documents\GitHub\Thesis\Jie_Thesis - Monograph_revisied\ThesisMa
inFile.out")
\@outlinefile=\write3
Package caption Info: Begin \AtBeginDocument code.
Package caption Info: float package is loaded.
Package caption Info: rotating package is loaded.
Package caption Info: End \AtBeginDocument code.

("C:\Users\Jie\Documents\GitHub\Thesis\Jie_Thesis - Monograph_revisied\Ch0Front
Part.tex"
LaTeX Font Info:    Font shape `OT1/ptm/bx/n' in size <17.28> not available
(Font)              Font shape `OT1/ptm/b/n' tried instead on input line 23.
 [1


{C:/ProgramData/MiKTeX/2.9/pdftex/config/pdftex.map}] [2

]
LaTeX Font Info:    Font shape `OT1/ptm/bx/n' in size <12> not available
(Font)              Font shape `OT1/ptm/b/n' tried instead on input line 31.
LaTeX Font Info:    Try loading font information for OMS+ptm on input line 31.

(C:\Jie\software\MiKTeX\tex\latex\psnfss\omsptm.fd
File: omsptm.fd 
)
LaTeX Font Info:    Font shape `OMS/ptm/m/n' in size <12> not available
(Font)              Font shape `OMS/cmsy/m/n' tried instead on input line 31.

Underfull \hbox (badness 10000) in paragraph at lines 31--31

 []

[1

] [2

] [3] [4


]
LaTeX Font Info:    Font shape `OT1/ptm/bx/n' in size <20.74> not available
(Font)              Font shape `OT1/ptm/b/n' tried instead on input line 41.
LaTeX Font Info:    Try loading font information for U+msa on input line 44.
 (C:\Jie\software\MiKTeX\tex\latex\amsfonts\umsa.fd
File: umsa.fd 2013/01/14 v3.01 AMS symbols A
)
LaTeX Font Info:    Try loading font information for U+msb on input line 44.

(C:\Jie\software\MiKTeX\tex\latex\amsfonts\umsb.fd
File: umsb.fd 2013/01/14 v3.01 AMS symbols B
) [5] [6]
Underfull \hbox (badness 10000) in paragraph at lines 107--116

 []

[7

] [8

] [9] [10

]
("C:\Users\Jie\Documents\GitHub\Thesis\Jie_Thesis - Monograph_revisied\ThesisMa
inFile.toc" [11] [12]
Underfull \vbox (badness 1009) has occurred while \output is active []

 [13]
Underfull \vbox (badness 10000) has occurred while \output is active []

 [14])
\tf@toc=\write4

[15] [16

]
("C:\Users\Jie\Documents\GitHub\Thesis\Jie_Thesis - Monograph_revisied\ThesisMa
inFile.lof"
Underfull \vbox (badness 1527) has occurred while \output is active []

 [17])
\tf@lof=\write5

[18]
("C:\Users\Jie\Documents\GitHub\Thesis\Jie_Thesis - Monograph_revisied\ThesisMa
inFile.lot"
Underfull \vbox (badness 10000) has occurred while \output is active []

 [19

])
\tf@lot=\write6

[20])
("C:\Users\Jie\Documents\GitHub\Thesis\Jie_Thesis - Monograph_revisied\nomencla
ture.tex"
Overfull \hbox (38.68346pt too wide) in alignment at lines 11--32
 [] [] [] 
 []


Overfull \hbox (38.68346pt too wide) in alignment at lines 32--37
 [] [] [] 
 []

[1




])

Package Fancyhdr Warning: \headheight is too small (12.0pt): 
 Make it at least 14.49998pt.
 We now make it that large for the rest of the document.
 This may cause the page layout to be inconsistent, however.

pdfTeX warning (ext4): destination with the same identifier (name{page.}) has b
een already used, duplicate ignored
<to be read again> 
                   \relax 
l.47 \include{./nomenclature}
                              [2]
("C:\Users\Jie\Documents\GitHub\Thesis\Jie_Thesis - Monograph_revisied\Ch1Intro
duction.tex"
Chapter 1.
LaTeX Font Info:    Font shape `OT1/ptm/bx/n' in size <14.4> not available
(Font)              Font shape `OT1/ptm/b/n' tried instead on input line 7.
<image/Ch1/unseen_frog_1.jpg, id=755, 323.2878pt x 236.082pt>
File: image/Ch1/unseen_frog_1.jpg Graphic file (type jpg)

<use image/Ch1/unseen_frog_1.jpg>
Package pdftex.def Info: image/Ch1/unseen_frog_1.jpg used on input line 17.
(pdftex.def)             Requested size: 227.62195pt x 170.71736pt.

<image/Ch1/unseen_frog_2.jpg, id=756, 319.94531pt x 240.14719pt>
File: image/Ch1/unseen_frog_2.jpg Graphic file (type jpg)

<use image/Ch1/unseen_frog_2.jpg>
Package pdftex.def Info: image/Ch1/unseen_frog_2.jpg used on input line 21.
(pdftex.def)             Requested size: 227.62654pt x 170.7182pt.

Overfull \hbox (6.84009pt too wide) in paragraph at lines 16--23
 [][]   [] 
 []


Underfull \vbox (badness 10000) has occurred while \output is active []

pdfTeX warning (ext4): destination with the same identifier (name{page.1}) has 
been already used, duplicate ignored
<to be read again> 
                   \relax 
l.28 
      [1



]
Overfull \hbox (52.13281pt too wide) in paragraph at lines 44--53
 [][] 
 []

pdfTeX warning (ext4): destination with the same identifier (name{page.2}) has 
been already used, duplicate ignored
<to be read again> 
                   \relax 
l.61 
      [2 <C:/Users/Jie/Documents/GitHub/Thesis/Jie_Thesis - Monograph_revisied/
image/Ch1/unseen_frog_1.jpg> <C:/Users/Jie/Documents/GitHub/Thesis/Jie_Thesis -
 Monograph_revisied/image/Ch1/unseen_frog_2.jpg>]
<image/Ch1/flowchart.pdf, id=780, 582.97798pt x 355.3275pt>
File: image/Ch1/flowchart.pdf Graphic file (type pdf)

<use image/Ch1/flowchart.pdf>
Package pdftex.def Info: image/Ch1/flowchart.pdf used on input line 90.
(pdftex.def)             Requested size: 455.24408pt x 277.47421pt.
 [3] [4 <C:/Users/Jie/Documents/GitHub/Thesis/Jie_Thesis - Monograph_revisied/i
mage/Ch1/flowchart.pdf>] [5] [6] [7]
Missing character: There is no √ in font ptmr7t!
Missing character: There is no © in font ptmr7t!
Missing character: There is no ‚ in font ptmr7t!
Missing character: There is no Ä in font ptmr7t!
Missing character: There is no ú in font ptmr7t!
Missing character: There is no ‚ in font ptmr7t!
Missing character: There is no Ä in font ptmr7t!
Missing character: There is no ù in font ptmr7t!
 [8]
Underfull \vbox (badness 10000) has occurred while \output is active []

 [9])
[10]
("C:\Users\Jie\Documents\GitHub\Thesis\Jie_Thesis - Monograph_revisied\Ch2Liter
atureReview.tex"
Chapter 2.

Underfull \vbox (badness 10000) has occurred while \output is active []

 [11



]
<image/LR/waveform.pdf, id=892, 358.33875pt x 284.06125pt>
File: image/LR/waveform.pdf Graphic file (type pdf)

<use image/LR/waveform.pdf>
Package pdftex.def Info: image/LR/waveform.pdf used on input line 60.
(pdftex.def)             Requested size: 145.68411pt x 109.26204pt.

<image/LR/spectrum.pdf, id=893, 351.3125pt x 266.9975pt>
File: image/LR/spectrum.pdf Graphic file (type pdf)

<use image/LR/spectrum.pdf>
Package pdftex.def Info: image/LR/spectrum.pdf used on input line 64.
(pdftex.def)             Requested size: 145.68475pt x 109.26189pt.

<image/LR/spectrogram.pdf, id=894, 348.30125pt x 293.095pt>
File: image/LR/spectrogram.pdf Graphic file (type pdf)

<use image/LR/spectrogram.pdf>
Package pdftex.def Info: image/LR/spectrogram.pdf used on input line 68.
(pdftex.def)             Requested size: 145.67966pt x 109.25739pt.
 [12 <C:/Users/Jie/Documents/GitHub/Thesis/Jie_Thesis - Monograph_revisied/imag
e/LR/waveform.pdf> <C:/Users/Jie/Documents/GitHub/Thesis/Jie_Thesis - Monograph
_revisied/image/LR/spectrum.pdf> <C:/Users/Jie/Documents/GitHub/Thesis/Jie_Thes
is - Monograph_revisied/image/LR/spectrogram.pdf>] [13] [14]
Underfull \vbox (badness 5036) has occurred while \output is active []

 [15]
[16] [17]
Underfull \vbox (badness 3098) has occurred while \output is active []

 [18]
Missing character: There is no √ in font ptmr7t!
Missing character: There is no ≥ in font ptmr7t!

Overfull \hbox (0.63995pt too wide) in paragraph at lines 370--371
[]\OT1/ptm/m/n/12 Noise re-duc-tion is an op-tional pro-cess-ing step for frog 
call clas-si-fi-ca-tion. For some databases
 []

[19]
Underfull \vbox (badness 6995) has occurred while \output is active []

 [20]
Underfull \vbox (badness 10000) has occurred while \output is active []

 [21]
<image/LR/label.pdf, id=1335, 849.1725pt x 514.32152pt>
File: image/LR/label.pdf Graphic file (type pdf)

<use image/LR/label.pdf>
Package pdftex.def Info: image/LR/label.pdf used on input line 391.
(pdftex.def)             Requested size: 455.24408pt x 275.72827pt.

<image/Ch1/structure_chapters.pdf, id=1337, 1037.6768pt x 1352.65347pt>
File: image/Ch1/structure_chapters.pdf Graphic file (type pdf)

<use image/Ch1/structure_chapters.pdf>
Package pdftex.def Info: image/Ch1/structure_chapters.pdf used on input line 40
3.
(pdftex.def)             Requested size: 455.24408pt x 593.43562pt.
) [22 <C:/Users/Jie/Documents/GitHub/Thesis/Jie_Thesis - Monograph_revisied/ima
ge/LR/label.pdf>] [23 <C:/Users/Jie/Documents/GitHub/Thesis/Jie_Thesis - Monogr
aph_revisied/image/Ch1/structure_chapters.pdf>]
("C:\Users\Jie\Documents\GitHub\Thesis\Jie_Thesis - Monograph_revisied\Ch4.tex"
[24



]
Chapter 3.

Underfull \vbox (badness 2435) has occurred while \output is active []

 [25]
<image/Ch4/flowchart.pdf, id=1478, 412.54124pt x 107.80275pt>
File: image/Ch4/flowchart.pdf Graphic file (type pdf)

<use image/Ch4/flowchart.pdf>
Package pdftex.def Info: image/Ch4/flowchart.pdf used on input line 31.
(pdftex.def)             Requested size: 455.24408pt x 118.96335pt.
 [26 <C:/Users/Jie/Documents/GitHub/Thesis/Jie_Thesis - Monograph_revisied/imag
e/Ch4/flowchart.pdf>]
<image/Ch4/segmentation.pdf, id=1504, 387.24673pt x 291.489pt>
File: image/Ch4/segmentation.pdf Graphic file (type pdf)

<use image/Ch4/segmentation.pdf>
Package pdftex.def Info: image/Ch4/segmentation.pdf used on input line 86.
(pdftex.def)             Requested size: 364.19664pt x 274.15536pt.

Underfull \vbox (badness 10000) has occurred while \output is active []

 [27]
<image/Ch4/no.pdf, id=1512, 725.71124pt x 586.59152pt>
File: image/Ch4/no.pdf Graphic file (type pdf)
 <use image/Ch4/no.pdf>
Package pdftex.def Info: image/Ch4/no.pdf used on input line 98.
(pdftex.def)             Requested size: 273.14922pt x 220.78578pt.

<image/Ch4/yes.pdf, id=1513, 725.71124pt x 586.59152pt>
File: image/Ch4/yes.pdf Graphic file (type pdf)

<use image/Ch4/yes.pdf>
Package pdftex.def Info: image/Ch4/yes.pdf used on input line 103.
(pdftex.def)             Requested size: 273.14922pt x 220.78578pt.

<image/Ch4/syllable.pdf, id=1514, 358.33875pt x 280.04625pt>
File: image/Ch4/syllable.pdf Graphic file (type pdf)

<use image/Ch4/syllable.pdf>
Package pdftex.def Info: image/Ch4/syllable.pdf used on input line 113.
(pdftex.def)             Requested size: 273.14922pt x 213.48259pt.

Underfull \vbox (badness 10000) has occurred while \output is active []

 [28 <C:/Users/Jie/Documents/GitHub/Thesis/Jie_Thesis - Monograph_revisied/imag
e/Ch4/segmentation.pdf>]
Underfull \vbox (badness 10000) has occurred while \output is active []

 [29 <C:/Users/Jie/Documents/GitHub/Thesis/Jie_Thesis - Monograph_revisied/imag
e/Ch4/no.pdf> <C:/Users/Jie/Documents/GitHub/Thesis/Jie_Thesis - Monograph_revi
sied/image/Ch4/yes.pdf

pdfTeX warning: pdflatex (file C:/Users/Jie/Documents/GitHub/Thesis/Jie_Thesis 
- Monograph_revisied/image/Ch4/yes.pdf): PDF inclusion: multiple pdfs with page
 group included in a single page
>] [30 <C:/Users/Jie/Documents/GitHub/Thesis/Jie_Thesis - Monograph_revisied/im
age/Ch4/syllable.pdf>]
Underfull \vbox (badness 10000) has occurred while \output is active []

 [31]
Underfull \vbox (badness 10000) has occurred while \output is active []

 [32]
Underfull \vbox (badness 10000) has occurred while \output is active []

 [33]
Underfull \vbox (badness 10000) has occurred while \output is active []

 [34]
Underfull \vbox (badness 1460) has occurred while \output is active []

 [35]
Underfull \vbox (badness 1466) has occurred while \output is active []

 [36]
[37] [38] <image/Ch4/diffFeature.pdf, id=1685, 348.30125pt x 221.82875pt>
File: image/Ch4/diffFeature.pdf Graphic file (type pdf)

<use image/Ch4/diffFeature.pdf>
Package pdftex.def Info: image/Ch4/diffFeature.pdf used on input line 382.
(pdftex.def)             Requested size: 273.14922pt x 173.97346pt.
 [39]
<image/Ch4/diffClassifier.pdf, id=1692, 322.20375pt x 210.7875pt>
File: image/Ch4/diffClassifier.pdf Graphic file (type pdf)

<use image/Ch4/diffClassifier.pdf>
Package pdftex.def Info: image/Ch4/diffClassifier.pdf used on input line 395.
(pdftex.def)             Requested size: 273.14922pt x 178.70384pt.
 [40 <C:/Users/Jie/Documents/GitHub/Thesis/Jie_Thesis - Monograph_revisied/imag
e/Ch4/diffFeature.pdf> <C:/Users/Jie/Documents/GitHub/Thesis/Jie_Thesis - Monog
raph_revisied/image/Ch4/diffClassifier.pdf>]
<image/Ch4/windowSizeMFCC.pdf, id=1709, 362.35374pt x 285.065pt>
File: image/Ch4/windowSizeMFCC.pdf Graphic file (type pdf)

<use image/Ch4/windowSizeMFCC.pdf>
Package pdftex.def Info: image/Ch4/windowSizeMFCC.pdf used on input line 408.
(pdftex.def)             Requested size: 273.14922pt x 214.89pt.

<image/Ch4/windowSizeTemPer.pdf, id=1710, 362.35374pt x 285.065pt>
File: image/Ch4/windowSizeTemPer.pdf Graphic file (type pdf)

<use image/Ch4/windowSizeTemPer.pdf>
Package pdftex.def Info: image/Ch4/windowSizeTemPer.pdf used on input line 414.

(pdftex.def)             Requested size: 273.14922pt x 214.89pt.

Underfull \vbox (badness 10000) has occurred while \output is active []

 [41 <C:/Users/Jie/Documents/GitHub/Thesis/Jie_Thesis - Monograph_revisied/imag
e/Ch4/windowSizeMFCC.pdf> <C:/Users/Jie/Documents/GitHub/Thesis/Jie_Thesis - Mo
nograph_revisied/image/Ch4/windowSizeTemPer.pdf>]
<image/Ch4/affectNoise.png, id=1727, 230.0595pt x 174.6525pt>
File: image/Ch4/affectNoise.png Graphic file (type png)

<use image/Ch4/affectNoise.png>
Package pdftex.def Info: image/Ch4/affectNoise.png used on input line 424.
(pdftex.def)             Requested size: 273.14922pt x 207.38867pt.
 [42 <C:/Users/Jie/Documents/GitHub/Thesis/Jie_Thesis - Monograph_revisied/imag
e/Ch4/affectNoise.png>]) [43]
("C:\Users\Jie\Documents\GitHub\Thesis\Jie_Thesis - Monograph_revisied\Ch5.tex"
[44



]
Chapter 4.
[45] <image/Ch5/flowchart.pdf, id=1768, 671.50874pt x 421.575pt>
File: image/Ch5/flowchart.pdf Graphic file (type pdf)

<use image/Ch5/flowchart.pdf>
Package pdftex.def Info: image/Ch5/flowchart.pdf used on input line 34.
(pdftex.def)             Requested size: 455.24408pt x 285.80522pt.


Package Fancyhdr Warning: \headheight is too small (14.49998pt): 
 Make it at least 26.88991pt.
 We now make it that large for the rest of the document.
 This may cause the page layout to be inconsistent, however.

[46 <C:/Users/Jie/Documents/GitHub/Thesis/Jie_Thesis - Monograph_revisied/image
/Ch5/flowchart.pdf>]
Missing character: There is no ‚ in font cmr12!
Missing character: There is no Ä in font cmr12!
Missing character: There is no ô in font cmr12!
Missing character: There is no ‚ in font cmr12!
Missing character: There is no Ä in font cmr12!
Missing character: There is no ù in font cmr12!

Underfull \vbox (badness 2529) has occurred while \output is active []

 [47]
Missing character: There is no „ in font cmr12!
Missing character: There is no Ä in font cmr12!
Missing character: There is no Ä in font cmr12!

[48] <image/Ch5/syllable.pdf, id=1813, 351.3125pt x 285.065pt>
File: image/Ch5/syllable.pdf Graphic file (type pdf)

<use image/Ch5/syllable.pdf>
Package pdftex.def Info: image/Ch5/syllable.pdf used on input line 163.
(pdftex.def)             Requested size: 273.14922pt x 221.65819pt.

<image/Ch5/spectrogram.png, id=1816, 365.56575pt x 283.0575pt>
File: image/Ch5/spectrogram.png Graphic file (type png)

<use image/Ch5/spectrogram.png>
Package pdftex.def Info: image/Ch5/spectrogram.png used on input line 175.
(pdftex.def)             Requested size: 227.62204pt x 176.24535pt.

<image/Ch5/segmentation.png, id=1817, 363.15675pt x 283.0575pt>
File: image/Ch5/segmentation.png Graphic file (type png)

<use image/Ch5/segmentation.png>
Package pdftex.def Info: image/Ch5/segmentation.png used on input line 180.
(pdftex.def)             Requested size: 227.62204pt x 177.42014pt.
 [49 <C:/Users/Jie/Documents/GitHub/Thesis/Jie_Thesis - Monograph_revisied/imag
e/Ch5/syllable.pdf>]
Underfull \vbox (badness 10000) has occurred while \output is active []

 [50 <C:/Users/Jie/Documents/GitHub/Thesis/Jie_Thesis - Monograph_revisied/imag
e/Ch5/spectrogram.png (PNG copy)> <C:/Users/Jie/Documents/GitHub/Thesis/Jie_The
sis - Monograph_revisied/image/Ch5/segmentation.png (PNG copy)>]
<image/Ch5/peak.pdf, id=1850, 349.305pt x 283.0575pt>
File: image/Ch5/peak.pdf Graphic file (type pdf)
 <use image/Ch5/peak.pdf>
Package pdftex.def Info: image/Ch5/peak.pdf used on input line 282.
(pdftex.def)             Requested size: 227.62204pt x 184.45596pt.

<image/Ch5/track.pdf, id=1851, 348.30125pt x 283.0575pt>
File: image/Ch5/track.pdf Graphic file (type pdf)

<use image/Ch5/track.pdf>
Package pdftex.def Info: image/Ch5/track.pdf used on input line 289.
(pdftex.def)             Requested size: 227.62204pt x 184.9829pt.

Underfull \vbox (badness 10000) has occurred while \output is active []

 [51]
Underfull \vbox (badness 10000) has occurred while \output is active []

 [52 <C:/Users/Jie/Documents/GitHub/Thesis/Jie_Thesis - Monograph_revisied/imag
e/Ch5/peak.pdf> <C:/Users/Jie/Documents/GitHub/Thesis/Jie_Thesis - Monograph_re
visied/image/Ch5/track.pdf>]
Underfull \vbox (badness 10000) has occurred while \output is active []

 [53]
<image/Ch5/tree18.pdf, id=1907, 768.47098pt x 620.91972pt>
File: image/Ch5/tree18.pdf Graphic file (type pdf)

<use image/Ch5/tree18.pdf>
Package pdftex.def Info: image/Ch5/tree18.pdf used on input line 390.
(pdftex.def)             Requested size: 295.90327pt x 295.90633pt.
 [54]
<image/Ch5/featureExtraction.pdf, id=1925, 1041.8925pt x 502.27649pt>
File: image/Ch5/featureExtraction.pdf Graphic file (type pdf)

<use image/Ch5/featureExtraction.pdf>
Package pdftex.def Info: image/Ch5/featureExtraction.pdf used on input line 405
.
(pdftex.def)             Requested size: 455.23863pt x 204.86171pt.

Underfull \vbox (badness 10000) has occurred while \output is active []

 [55]
Underfull \vbox (badness 10000) has occurred while \output is active []

 [56 <C:/Users/Jie/Documents/GitHub/Thesis/Jie_Thesis - Monograph_revisied/imag
e/Ch5/tree18.pdf> <C:/Users/Jie/Documents/GitHub/Thesis/Jie_Thesis - Monograph_
revisied/image/Ch5/featureExtraction.pdf

pdfTeX warning: pdflatex (file C:/Users/Jie/Documents/GitHub/Thesis/Jie_Thesis 
- Monograph_revisied/image/Ch5/featureExtraction.pdf): PDF inclusion: multiple 
pdfs with page group included in a single page
>] [57] [58] [59] <image/Ch5/MFCC.pdf, id=2068, 337.26pt x 270.00874pt>
File: image/Ch5/MFCC.pdf Graphic file (type pdf)

<use image/Ch5/MFCC.pdf>
Package pdftex.def Info: image/Ch5/MFCC.pdf used on input line 546.
(pdftex.def)             Requested size: 227.62204pt x 182.23567pt.

<image/Ch5/MelCC.pdf, id=2069, 337.26pt x 270.00874pt>
File: image/Ch5/MelCC.pdf Graphic file (type pdf)

<use image/Ch5/MelCC.pdf>
Package pdftex.def Info: image/Ch5/MelCC.pdf used on input line 551.
(pdftex.def)             Requested size: 227.62204pt x 182.23567pt.

Overfull \hbox (4.56006pt too wide) in paragraph at lines 545--554
 [][]  [] 
 []

<image/Ch5/avgPWSCC.pdf, id=2070, 337.26pt x 270.00874pt>
File: image/Ch5/avgPWSCC.pdf Graphic file (type pdf)

<use image/Ch5/avgPWSCC.pdf>
Package pdftex.def Info: image/Ch5/avgPWSCC.pdf used on input line 556.
(pdftex.def)             Requested size: 227.62204pt x 182.23567pt.

<image/Ch5/deltaPWSCC.pdf, id=2071, 341.275pt x 270.00874pt>
File: image/Ch5/deltaPWSCC.pdf Graphic file (type pdf)

<use image/Ch5/deltaPWSCC.pdf>
Package pdftex.def Info: image/Ch5/deltaPWSCC.pdf used on input line 561.
(pdftex.def)             Requested size: 227.62204pt x 180.09326pt.

Overfull \hbox (4.56006pt too wide) in paragraph at lines 555--565
 [][]  [] 
 []

[60 <C:/Users/Jie/Documents/GitHub/Thesis/Jie_Thesis - Monograph_revisied/image
/Ch5/MFCC.pdf> <C:/Users/Jie/Documents/GitHub/Thesis/Jie_Thesis - Monograph_rev
isied/image/Ch5/MelCC.pdf> <C:/Users/Jie/Documents/GitHub/Thesis/Jie_Thesis - M
onograph_revisied/image/Ch5/avgPWSCC.pdf> <C:/Users/Jie/Documents/GitHub/Thesis
/Jie_Thesis - Monograph_revisied/image/Ch5/deltaPWSCC.pdf>]
Underfull \vbox (badness 10000) has occurred while \output is active []

 [61]
LaTeX Font Info:    Try loading font information for OML+ptm on input line 630.


(C:\Jie\software\MiKTeX\tex\latex\psnfss\omlptm.fd
File: omlptm.fd 
)
LaTeX Font Info:    Font shape `OML/ptm/m/n' in size <12> not available
(Font)              Font shape `OML/cmm/m/it' tried instead on input line 630.

<image/Ch5/tree15vs10.pdf, id=2116, 922.04472pt x 452.89201pt>
File: image/Ch5/tree15vs10.pdf Graphic file (type pdf)

<use image/Ch5/tree15vs10.pdf>
Package pdftex.def Info: image/Ch5/tree15vs10.pdf used on input line 639.
(pdftex.def)             Requested size: 432.47472pt x 227.62024pt.

<image/Ch5/MelTree.pdf, id=2117, 708.24597pt x 308.95424pt>
File: image/Ch5/MelTree.pdf Graphic file (type pdf)

<use image/Ch5/MelTree.pdf>
Package pdftex.def Info: image/Ch5/MelTree.pdf used on input line 646.
(pdftex.def)             Requested size: 273.15645pt x 182.09283pt.

Underfull \vbox (badness 10000) has occurred while \output is active []

 [62]
Underfull \vbox (badness 4967) has occurred while \output is active []

 [63 <C:/Users/Jie/Documents/GitHub/Thesis/Jie_Thesis - Monograph_revisied/imag
e/Ch5/tree15vs10.pdf> <C:/Users/Jie/Documents/GitHub/Thesis/Jie_Thesis - Monogr
aph_revisied/image/Ch5/MelTree.pdf

pdfTeX warning: pdflatex (file C:/Users/Jie/Documents/GitHub/Thesis/Jie_Thesis 
- Monograph_revisied/image/Ch5/MelTree.pdf): PDF inclusion: multiple pdfs with 
page group included in a single page
>] <image/Ch5/snr.pdf, id=2133, 351.3125pt x 284.06125pt>
File: image/Ch5/snr.pdf Graphic file (type pdf)

<use image/Ch5/snr.pdf>
Package pdftex.def Info: image/Ch5/snr.pdf used on input line 672.
(pdftex.def)             Requested size: 273.1703pt x 182.10197pt.
 [64 <C:/Users/Jie/Documents/GitHub/Thesis/Jie_Thesis - Monograph_revisied/imag
e/Ch5/snr.pdf>]) [65]
("C:\Users\Jie\Documents\GitHub\Thesis\Jie_Thesis - Monograph_revisied\Ch6.tex"
[66



]
Chapter 5.
[67] <image/Ch6/flowchart.pdf, id=2164, 671.50874pt x 216.20775pt>
File: image/Ch6/flowchart.pdf Graphic file (type pdf)

<use image/Ch6/flowchart.pdf>
Package pdftex.def Info: image/Ch6/flowchart.pdf used on input line 31.
(pdftex.def)             Requested size: 455.24408pt x 146.57724pt.
 [68 <C:/Users/Jie/Documents/GitHub/Thesis/Jie_Thesis - Monograph_revisied/imag
e/Ch6/flowchart.pdf>] [69]
Overfull \hbox (35.131pt too wide) in paragraph at lines 145--148
\OT1/ptm/m/n/12 A re-gion grow-ing al-go-rithm is to ob-tain the con-tour of ea
ch seg-mented acous-tic event [[]Mallawaarachchi
 []


Underfull \vbox (badness 10000) has occurred while \output is active []

 [70]
<image/Ch6/AEoriginal.png, id=2212, 314.3745pt x 243.91125pt>
File: image/Ch6/AEoriginal.png Graphic file (type png)

<use image/Ch6/AEoriginal.png>
Package pdftex.def Info: image/Ch6/AEoriginal.png used on input line 202.
(pdftex.def)             Requested size: 204.86386pt x 163.88863pt.

<image/Ch6/AEfinal.png, id=2213, 425.1885pt x 315.579pt>
File: image/Ch6/AEfinal.png Graphic file (type png)

<use image/Ch6/AEfinal.png>
Package pdftex.def Info: image/Ch6/AEfinal.png used on input line 207.
(pdftex.def)             Requested size: 204.86021pt x 163.88533pt.

<image/Ch6/contentShape.pdf, id=2214, 521.54848pt x 616.10173pt>
File: image/Ch6/contentShape.pdf Graphic file (type pdf)

<use image/Ch6/contentShape.pdf>
Package pdftex.def Info: image/Ch6/contentShape.pdf used on input line 229.
(pdftex.def)             Requested size: 341.43768pt x 409.71191pt.
 [71]
Underfull \vbox (badness 1902) has occurred while \output is active []

 [72 <C:/Users/Jie/Documents/GitHub/Thesis/Jie_Thesis - Monograph_revisied/imag
e/Ch6/AEoriginal.png> <C:/Users/Jie/Documents/GitHub/Thesis/Jie_Thesis - Monogr
aph_revisied/image/Ch6/AEfinal.png>]
Underfull \vbox (badness 1852) has occurred while \output is active []

 [73 <C:/Users/Jie/Documents/GitHub/Thesis/Jie_Thesis - Monograph_revisied/imag
e/Ch6/contentShape.pdf>]
Underfull \vbox (badness 4765) has occurred while \output is active []

 [74]
Underfull \vbox (badness 10000) has occurred while \output is active []

 [75]
[76] <image/Ch6/hammingLoss.pdf, id=2280, 354.32375pt x 175.65625pt>
File: image/Ch6/hammingLoss.pdf Graphic file (type pdf)

<use image/Ch6/hammingLoss.pdf>
Package pdftex.def Info: image/Ch6/hammingLoss.pdf used on input line 389.
(pdftex.def)             Requested size: 204.85844pt x 101.55905pt.

<image/Ch6/rankingLoss.pdf, id=2281, 354.32375pt x 175.65625pt>
File: image/Ch6/rankingLoss.pdf Graphic file (type pdf)

<use image/Ch6/rankingLoss.pdf>
Package pdftex.def Info: image/Ch6/rankingLoss.pdf used on input line 394.
(pdftex.def)             Requested size: 204.85844pt x 101.55905pt.

<image/Ch6/oneError.pdf, id=2282, 348.30125pt x 175.65625pt>
File: image/Ch6/oneError.pdf Graphic file (type pdf)

<use image/Ch6/oneError.pdf>
Package pdftex.def Info: image/Ch6/oneError.pdf used on input line 399.
(pdftex.def)             Requested size: 204.85844pt x 103.31464pt.

<image/Ch6/coverage.pdf, id=2283, 340.27126pt x 175.65625pt>
File: image/Ch6/coverage.pdf Graphic file (type pdf)

<use image/Ch6/coverage.pdf>
Package pdftex.def Info: image/Ch6/coverage.pdf used on input line 404.
(pdftex.def)             Requested size: 204.85844pt x 105.75371pt.

<image/Ch6/avgPrecision.pdf, id=2284, 348.30125pt x 175.65625pt>
File: image/Ch6/avgPrecision.pdf Graphic file (type pdf)

<use image/Ch6/avgPrecision.pdf>
Package pdftex.def Info: image/Ch6/avgPrecision.pdf used on input line 409.
(pdftex.def)             Requested size: 204.85844pt x 103.31464pt.
 [77 <C:/Users/Jie/Documents/GitHub/Thesis/Jie_Thesis - Monograph_revisied/imag
e/Ch6/hammingLoss.pdf> <C:/Users/Jie/Documents/GitHub/Thesis/Jie_Thesis - Monog
raph_revisied/image/Ch6/rankingLoss.pdf> <C:/Users/Jie/Documents/GitHub/Thesis/
Jie_Thesis - Monograph_revisied/image/Ch6/oneError.pdf> <C:/Users/Jie/Documents
/GitHub/Thesis/Jie_Thesis - Monograph_revisied/image/Ch6/coverage.pdf> <C:/User
s/Jie/Documents/GitHub/Thesis/Jie_Thesis - Monograph_revisied/image/Ch6/avgPrec
ision.pdf>]
Missing character: There is no ‚ in font ptmr7t!
Missing character: There is no Ä in font ptmr7t!
Missing character: There is no ò in font ptmr7t!
Missing character: There is no ‚ in font ptmr7t!
Missing character: There is no Ä in font ptmr7t!
Missing character: There is no ô in font ptmr7t!
Missing character: There is no ‚ in font ptmr7t!
Missing character: There is no Ä in font ptmr7t!
Missing character: There is no ò in font ptmr7t!
Missing character: There is no ‚ in font ptmr7t!
Missing character: There is no Ä in font ptmr7t!
Missing character: There is no ô in font ptmr7t!

Overfull \hbox (10.31224pt too wide) in paragraph at lines 457--464
 [][] 
 []

[78] <image/Ch6/Precision_MIML_SISL_2.pdf, id=2327, 348.30125pt x 285.065pt>
File: image/Ch6/Precision_MIML_SISL_2.pdf Graphic file (type pdf)

<use image/Ch6/Precision_MIML_SISL_2.pdf>
Package pdftex.def Info: image/Ch6/Precision_MIML_SISL_2.pdf used on input line
 479.
(pdftex.def)             Requested size: 218.51521pt x 178.84373pt.

<image/Ch6/Recall_MIML_SISL_2.pdf, id=2328, 348.30125pt x 285.065pt>
File: image/Ch6/Recall_MIML_SISL_2.pdf Graphic file (type pdf)

<use image/Ch6/Recall_MIML_SISL_2.pdf>
Package pdftex.def Info: image/Ch6/Recall_MIML_SISL_2.pdf used on input line 48
4.
(pdftex.def)             Requested size: 218.51521pt x 178.84373pt.

<image/Ch6/FrogSyllable.pdf, id=2329, 357.335pt x 255.95625pt>
File: image/Ch6/FrogSyllable.pdf Graphic file (type pdf)

<use image/Ch6/FrogSyllable.pdf>
Package pdftex.def Info: image/Ch6/FrogSyllable.pdf used on input line 493.
(pdftex.def)             Requested size: 273.14922pt x 195.66528pt.

Underfull \vbox (badness 10000) has occurred while \output is active []

 [79 <C:/Users/Jie/Documents/GitHub/Thesis/Jie_Thesis - Monograph_revisied/imag
e/Ch6/Precision_MIML_SISL_2.pdf> <C:/Users/Jie/Documents/GitHub/Thesis/Jie_Thes
is - Monograph_revisied/image/Ch6/Recall_MIML_SISL_2.pdf>]) [80 <C:/Users/Jie/D
ocuments/GitHub/Thesis/Jie_Thesis - Monograph_revisied/image/Ch6/FrogSyllable.p
df>]
("C:\Users\Jie\Documents\GitHub\Thesis\Jie_Thesis - Monograph_revisied\Ch7.tex"
Chapter 6.
[81



] [82]
Underfull \vbox (badness 10000) has occurred while \output is active []

 [83]
<image/spectralClustering.pdf, id=2403, 526.36653pt x 526.36653pt>
File: image/spectralClustering.pdf Graphic file (type pdf)

<use image/spectralClustering.pdf>
Package pdftex.def Info: image/spectralClustering.pdf used on input line 93.
(pdftex.def)             Requested size: 455.24408pt x 455.26064pt.
 [84 <C:/Users/Jie/Documents/GitHub/Thesis/Jie_Thesis - Monograph_revisied/imag
e/spectralClustering.pdf>] [85] [86])
[87] [88]
("C:\Users\Jie\Documents\GitHub\Thesis\Jie_Thesis - Monograph_revisied\Ch8Concl
usions.tex"
Chapter 7.
[89



]
Underfull \vbox (badness 10000) has occurred while \output is active []

 [90]
[91]) [92]
("C:\Users\Jie\Documents\GitHub\Thesis\Jie_Thesis - Monograph_revisied\Appendix
.tex"
Appendix A.
<image/Ch1/toad_wave.png, id=2475, 477.28313pt x 258.9675pt>
File: image/Ch1/toad_wave.png Graphic file (type png)

<use image/Ch1/toad_wave.png>
Package pdftex.def Info: image/Ch1/toad_wave.png used on input line 17.
(pdftex.def)             Requested size: 128.03064pt x 85.35678pt.

<image/Ch1/toad_spec.png, id=2476, 135.342pt x 86.067pt>
File: image/Ch1/toad_spec.png Graphic file (type png)

<use image/Ch1/toad_spec.png>
Package pdftex.def Info: image/Ch1/toad_spec.png used on input line 17.
(pdftex.def)             Requested size: 128.0496pt x 85.36154pt.

<image/Ch1/caerulea_wav.png, id=2477, 620.3175pt x 213.79875pt>
File: image/Ch1/caerulea_wav.png Graphic file (type png)

<use image/Ch1/caerulea_wav.png>
Package pdftex.def Info: image/Ch1/caerulea_wav.png used on input line 18.
(pdftex.def)             Requested size: 128.03671pt x 85.35812pt.

<image/Ch1/caerulea_spec.png, id=2478, 135.342pt x 89.6805pt>
File: image/Ch1/caerulea_spec.png Graphic file (type png)

<use image/Ch1/caerulea_spec.png>
Package pdftex.def Info: image/Ch1/caerulea_spec.png used on input line 18.
(pdftex.def)             Requested size: 128.0496pt x 85.35745pt.

<image/Ch1/fallax_wav.png, id=2479, 606.01407pt x 209.28188pt>
File: image/Ch1/fallax_wav.png Graphic file (type png)

<use image/Ch1/fallax_wav.png>
Package pdftex.def Info: image/Ch1/fallax_wav.png used on input line 19.
(pdftex.def)             Requested size: 128.03421pt x 85.35583pt.

<image/Ch1/fallax_spec.png, id=2480, 602.25pt x 210.03468pt>
File: image/Ch1/fallax_spec.png Graphic file (type png)

<use image/Ch1/fallax_spec.png>
Package pdftex.def Info: image/Ch1/fallax_spec.png used on input line 19.
(pdftex.def)             Requested size: 128.03845pt x 85.35841pt.

<image/Ch1/graci_wav.png, id=2481, 472.76625pt x 171.64125pt>
File: image/Ch1/graci_wav.png Graphic file (type png)

<use image/Ch1/graci_wav.png>
Package pdftex.def Info: image/Ch1/graci_wav.png used on input line 33.
(pdftex.def)             Requested size: 128.03813pt x 85.35683pt.

<image/Ch1/graci_spec.png, id=2482, 469.00218pt x 173.89969pt>
File: image/Ch1/graci_spec.png Graphic file (type png)

<use image/Ch1/graci_spec.png>
Package pdftex.def Info: image/Ch1/graci_spec.png used on input line 33.
(pdftex.def)             Requested size: 128.03493pt x 85.35751pt.

<image/Ch1/latop_wav.png, id=2483, 542.025pt x 212.29312pt>
File: image/Ch1/latop_wav.png Graphic file (type png)

<use image/Ch1/latop_wav.png>
Package pdftex.def Info: image/Ch1/latop_wav.png used on input line 34.
(pdftex.def)             Requested size: 128.03754pt x 85.35953pt.

<image/Ch1/latop_spec.png, id=2484, 536.75531pt x 210.7875pt>
File: image/Ch1/latop_spec.png Graphic file (type png)

<use image/Ch1/latop_spec.png>
Package pdftex.def Info: image/Ch1/latop_spec.png used on input line 34.
(pdftex.def)             Requested size: 128.03764pt x 85.35881pt.

<image/Ch1/rubella_wav.png, id=2485, 402.00188pt x 222.07968pt>
File: image/Ch1/rubella_wav.png Graphic file (type png)

<use image/Ch1/rubella_wav.png>
Package pdftex.def Info: image/Ch1/rubella_wav.png used on input line 35.
(pdftex.def)             Requested size: 128.03595pt x 85.35692pt.

<image/Ch1/rubella_spec.png, id=2486, 137.6415pt x 93.951pt>
File: image/Ch1/rubella_spec.png Graphic file (type png)

<use image/Ch1/rubella_spec.png>
Package pdftex.def Info: image/Ch1/rubella_spec.png used on input line 35.
(pdftex.def)             Requested size: 128.03676pt x 85.36221pt.
 [93



 <C:/Users/Jie/Documents/GitHub/Thesis/Jie_Thesis - Monograph_revisied/image/Ch
1/toad_wave.png> <C:/Users/Jie/Documents/GitHub/Thesis/Jie_Thesis - Monograph_r
evisied/image/Ch1/toad_spec.png> <C:/Users/Jie/Documents/GitHub/Thesis/Jie_Thes
is - Monograph_revisied/image/Ch1/caerulea_wav.png> <C:/Users/Jie/Documents/Git
Hub/Thesis/Jie_Thesis - Monograph_revisied/image/Ch1/caerulea_spec.png> <C:/Use
rs/Jie/Documents/GitHub/Thesis/Jie_Thesis - Monograph_revisied/image/Ch1/fallax
_wav.png> <C:/Users/Jie/Documents/GitHub/Thesis/Jie_Thesis - Monograph_revisied
/image/Ch1/fallax_spec.png>] [94 <C:/Users/Jie/Documents/GitHub/Thesis/Jie_Thes
is - Monograph_revisied/image/Ch1/graci_wav.png> <C:/Users/Jie/Documents/GitHub
/Thesis/Jie_Thesis - Monograph_revisied/image/Ch1/graci_spec.png> <C:/Users/Jie
/Documents/GitHub/Thesis/Jie_Thesis - Monograph_revisied/image/Ch1/latop_wav.pn
g> <C:/Users/Jie/Documents/GitHub/Thesis/Jie_Thesis - Monograph_revisied/image/
Ch1/latop_spec.png> <C:/Users/Jie/Documents/GitHub/Thesis/Jie_Thesis - Monograp
h_revisied/image/Ch1/rubella_wav.png> <C:/Users/Jie/Documents/GitHub/Thesis/Jie
_Thesis - Monograph_revisied/image/Ch1/rubella_spec.png>]
Appendix B.
<image/Ch1/toad_jcu_wav.png, id=2498, 362.85562pt x 195.73125pt>
File: image/Ch1/toad_jcu_wav.png Graphic file (type png)

<use image/Ch1/toad_jcu_wav.png>
Package pdftex.def Info: image/Ch1/toad_jcu_wav.png used on input line 57.
(pdftex.def)             Requested size: 128.03673pt x 85.35744pt.

<image/Ch1/toad_jcu_spec.png, id=2499, 357.58594pt x 193.47281pt>
File: image/Ch1/toad_jcu_spec.png Graphic file (type png)

<use image/Ch1/toad_jcu_spec.png>
Package pdftex.def Info: image/Ch1/toad_jcu_spec.png used on input line 57.
(pdftex.def)             Requested size: 128.03787pt x 85.35857pt.

<image/Ch1/cyc_jcu_wav.png, id=2500, 362.85562pt x 216.81pt>
File: image/Ch1/cyc_jcu_wav.png Graphic file (type png)

<use image/Ch1/cyc_jcu_wav.png>
Package pdftex.def Info: image/Ch1/cyc_jcu_wav.png used on input line 57.
(pdftex.def)             Requested size: 128.03673pt x 85.35945pt.

<image/Ch1/cyc_jcu_spec.png, id=2501, 144.8685pt x 93.294pt>
File: image/Ch1/cyc_jcu_spec.png Graphic file (type png)

<use image/Ch1/cyc_jcu_spec.png>
Package pdftex.def Info: image/Ch1/cyc_jcu_spec.png used on input line 57.
(pdftex.def)             Requested size: 128.04391pt x 85.36174pt.

<image/Ch1/ter_jcu_wav.png, id=2502, 362.85562pt x 171.64125pt>
File: image/Ch1/ter_jcu_wav.png Graphic file (type png)

<use image/Ch1/ter_jcu_wav.png>
Package pdftex.def Info: image/Ch1/ter_jcu_wav.png used on input line 57.
(pdftex.def)             Requested size: 128.03673pt x 85.35683pt.

<image/Ch1/ter_jcu_spec.png, id=2503, 355.3275pt x 169.38281pt>
File: image/Ch1/ter_jcu_spec.png Graphic file (type png)

<use image/Ch1/ter_jcu_spec.png>
Package pdftex.def Info: image/Ch1/ter_jcu_spec.png used on input line 57.
(pdftex.def)             Requested size: 128.03706pt x 85.3606pt.

<image/Ch1/fallax_jcu_wav.png, id=2504, 362.10281pt x 170.88844pt>
File: image/Ch1/fallax_jcu_wav.png Graphic file (type png)

<use image/Ch1/fallax_jcu_wav.png>
Package pdftex.def Info: image/Ch1/fallax_jcu_wav.png used on input line 57.
(pdftex.def)             Requested size: 128.0363pt x 85.36057pt.

<image/Ch1/fallax_jcu_spec.png, id=2505, 361.35pt x 170.88844pt>
File: image/Ch1/fallax_jcu_spec.png Graphic file (type png)

<use image/Ch1/fallax_jcu_spec.png>
Package pdftex.def Info: image/Ch1/fallax_jcu_spec.png used on input line 57.
(pdftex.def)             Requested size: 128.03477pt x 85.36057pt.

<image/Ch1/nasuta_jcu_wav.png, id=2506, 365.11406pt x 170.88844pt>
File: image/Ch1/nasuta_jcu_wav.png Graphic file (type png)

<use image/Ch1/nasuta_jcu_wav.png>
Package pdftex.def Info: image/Ch1/nasuta_jcu_wav.png used on input line 71.
(pdftex.def)             Requested size: 128.03696pt x 85.36057pt.

<image/Ch1/nasuta_jcu_spec.png, id=2507, 359.84438pt x 168.63pt>
File: image/Ch1/nasuta_jcu_spec.png Graphic file (type png)

<use image/Ch1/nasuta_jcu_spec.png>
Package pdftex.def Info: image/Ch1/nasuta_jcu_spec.png used on input line 71.
(pdftex.def)             Requested size: 128.0394pt x 85.35945pt.

<image/Ch1/rothii_jcu_wav.png, id=2508, 362.10281pt x 167.12437pt>
File: image/Ch1/rothii_jcu_wav.png Graphic file (type png)

<use image/Ch1/rothii_jcu_wav.png>
Package pdftex.def Info: image/Ch1/rothii_jcu_wav.png used on input line 71.
(pdftex.def)             Requested size: 128.0363pt x 85.35979pt.

<image/Ch1/rothii_jcu_spec.png, id=2509, 361.35pt x 168.63pt>
File: image/Ch1/rothii_jcu_spec.png Graphic file (type png)

<use image/Ch1/rothii_jcu_spec.png>
Package pdftex.def Info: image/Ch1/rothii_jcu_spec.png used on input line 71.
(pdftex.def)             Requested size: 128.03477pt x 85.35945pt.

<image/Ch1/rubella_jcu_wav.png, id=2510, 361.35pt x 169.38281pt>
File: image/Ch1/rubella_jcu_wav.png Graphic file (type png)

<use image/Ch1/rubella_jcu_wav.png>
Package pdftex.def Info: image/Ch1/rubella_jcu_wav.png used on input line 71.
(pdftex.def)             Requested size: 128.03477pt x 85.3606pt.

<image/Ch1/rubella_jcu_spec.png, id=2511, 358.33875pt x 171.64125pt>
File: image/Ch1/rubella_jcu_spec.png Graphic file (type png)

<use image/Ch1/rubella_jcu_spec.png>
Package pdftex.def Info: image/Ch1/rubella_jcu_spec.png used on input line 71.
(pdftex.def)             Requested size: 128.03952pt x 85.35683pt.

<image/Ch1/mimula_jcu_wav.png, id=2512, 361.35pt x 176.15813pt>
File: image/Ch1/mimula_jcu_wav.png Graphic file (type png)

<use image/Ch1/mimula_jcu_wav.png>
Package pdftex.def Info: image/Ch1/mimula_jcu_wav.png used on input line 71.
(pdftex.def)             Requested size: 128.03477pt x 85.35863pt.

<image/Ch1/mimula_jcu_spec.png, id=2513, 358.33875pt x 174.6525pt>
File: image/Ch1/mimula_jcu_spec.png Graphic file (type png)

<use image/Ch1/mimula_jcu_spec.png>
Package pdftex.def Info: image/Ch1/mimula_jcu_spec.png used on input line 71.
(pdftex.def)             Requested size: 128.03952pt x 85.35927pt.
) [95

 <C:/Users/Jie/Documents/GitHub/Thesis/Jie_Thesis - Monograph_revisied/image/Ch
1/toad_jcu_wav.png> <C:/Users/Jie/Documents/GitHub/Thesis/Jie_Thesis - Monograp
h_revisied/image/Ch1/toad_jcu_spec.png> <C:/Users/Jie/Documents/GitHub/Thesis/J
ie_Thesis - Monograph_revisied/image/Ch1/cyc_jcu_wav.png> <C:/Users/Jie/Documen
ts/GitHub/Thesis/Jie_Thesis - Monograph_revisied/image/Ch1/cyc_jcu_spec.png> <C
:/Users/Jie/Documents/GitHub/Thesis/Jie_Thesis - Monograph_revisied/image/Ch1/t
er_jcu_wav.png> <C:/Users/Jie/Documents/GitHub/Thesis/Jie_Thesis - Monograph_re
visied/image/Ch1/ter_jcu_spec.png> <C:/Users/Jie/Documents/GitHub/Thesis/Jie_Th
esis - Monograph_revisied/image/Ch1/fallax_jcu_wav.png> <C:/Users/Jie/Documents
/GitHub/Thesis/Jie_Thesis - Monograph_revisied/image/Ch1/fallax_jcu_spec.png>] 
[96 <C:/Users/Jie/Documents/GitHub/Thesis/Jie_Thesis - Monograph_revisied/image
/Ch1/nasuta_jcu_wav.png> <C:/Users/Jie/Documents/GitHub/Thesis/Jie_Thesis - Mon
ograph_revisied/image/Ch1/nasuta_jcu_spec.png> <C:/Users/Jie/Documents/GitHub/T
hesis/Jie_Thesis - Monograph_revisied/image/Ch1/rothii_jcu_wav.png> <C:/Users/J
ie/Documents/GitHub/Thesis/Jie_Thesis - Monograph_revisied/image/Ch1/rothii_jcu
_spec.png> <C:/Users/Jie/Documents/GitHub/Thesis/Jie_Thesis - Monograph_revisie
d/image/Ch1/rubella_jcu_wav.png> <C:/Users/Jie/Documents/GitHub/Thesis/Jie_Thes
is - Monograph_revisied/image/Ch1/rubella_jcu_spec.png> <C:/Users/Jie/Documents
/GitHub/Thesis/Jie_Thesis - Monograph_revisied/image/Ch1/mimula_jcu_wav.png> <C
:/Users/Jie/Documents/GitHub/Thesis/Jie_Thesis - Monograph_revisied/image/Ch1/m
imula_jcu_spec.png>]
("C:\Users\Jie\Documents\GitHub\Thesis\Jie_Thesis - Monograph_revisied\ThesisMa
inFile.bbl" [97


] [98] [99] [100] [101] [102]
Underfull \hbox (badness 1430) in paragraph at lines 420--425
\OT1/ptm/m/n/12 In \OT1/ptm/m/it/12 Acous-tics, Speech, and Sig-nal Pro-cess-in
g, 2004. Pro-ceed-ings.(ICASSP'04). IEEE
 []

[103] [104]) [105] [106

] [107] [108

]
Package atveryend Info: Empty hook `BeforeClearDocument' on input line 78.
Package atveryend Info: Empty hook `AfterLastShipout' on input line 78.

("C:\Users\Jie\Documents\GitHub\Thesis\Jie_Thesis - Monograph_revisied\ThesisMa
inFile.aux"
("C:\Users\Jie\Documents\GitHub\Thesis\Jie_Thesis - Monograph_revisied\Ch0Front
Part.aux")
("C:\Users\Jie\Documents\GitHub\Thesis\Jie_Thesis - Monograph_revisied\nomencla
ture.aux")
("C:\Users\Jie\Documents\GitHub\Thesis\Jie_Thesis - Monograph_revisied\Ch1Intro
duction.aux")
("C:\Users\Jie\Documents\GitHub\Thesis\Jie_Thesis - Monograph_revisied\Ch2Liter
atureReview.aux")
("C:\Users\Jie\Documents\GitHub\Thesis\Jie_Thesis - Monograph_revisied\Ch4.aux"
) ("C:\Users\Jie\Documents\GitHub\Thesis\Jie_Thesis - Monograph_revisied\Ch5.au
x")
("C:\Users\Jie\Documents\GitHub\Thesis\Jie_Thesis - Monograph_revisied\Ch6.aux"
) ("C:\Users\Jie\Documents\GitHub\Thesis\Jie_Thesis - Monograph_revisied\Ch7.au
x")
("C:\Users\Jie\Documents\GitHub\Thesis\Jie_Thesis - Monograph_revisied\Ch8Concl
usions.aux")
("C:\Users\Jie\Documents\GitHub\Thesis\Jie_Thesis - Monograph_revisied\Appendix
.aux"))
Package atveryend Info: Executing hook `AtVeryEndDocument' on input line 78.
Package atveryend Info: Executing hook `AtEndAfterFileList' on input line 78.
Package rerunfilecheck Info: File `ThesisMainFile.out' has not changed.
(rerunfilecheck)             Checksum: 812165A256DA03A8C36620BCFF736610;7613.
Package atveryend Info: Empty hook `AtVeryVeryEnd' on input line 78.
 ) 
Here is how much of TeX's memory you used:
 11671 strings out of 493921
 180974 string characters out of 3149293
 395276 words of memory out of 3000000
 14143 multiletter control sequences out of 15000+200000
 32574 words of font info for 73 fonts, out of 3000000 for 9000
 844 hyphenation exceptions out of 8191
 42i,20n,77p,1655b,595s stack positions out of 5000i,500n,10000p,200000b,50000s
{C:/Jie/software/MiKTeX/fonts/enc/dvips/fontname/8r.enc}<C:/Jie/software/MiKT
eX/fonts/type1/public/amsfonts/cm/cmex10.pfb><C:/Jie/software/MiKTeX/fonts/type
1/public/amsfonts/cm/cmmi10.pfb><C:/Jie/software/MiKTeX/fonts/type1/public/amsf
onts/cm/cmmi12.pfb><C:/Jie/software/MiKTeX/fonts/type1/public/amsfonts/cm/cmmi6
.pfb><C:/Jie/software/MiKTeX/fonts/type1/public/amsfonts/cm/cmmi8.pfb><C:/Jie/s
oftware/MiKTeX/fonts/type1/public/amsfonts/cm/cmr12.pfb><C:/Jie/software/MiKTeX
/fonts/type1/public/amsfonts/cm/cmr6.pfb><C:/Jie/software/MiKTeX/fonts/type1/pu
blic/amsfonts/cm/cmr8.pfb><C:/Jie/software/MiKTeX/fonts/type1/public/amsfonts/c
m/cmsy10.pfb><C:/Jie/software/MiKTeX/fonts/type1/public/amsfonts/cm/cmsy6.pfb><
C:/Jie/software/MiKTeX/fonts/type1/public/amsfonts/cm/cmsy8.pfb><C:/Jie/softwar
e/MiKTeX/fonts/type1/urw/times/utmb8a.pfb><C:/Jie/software/MiKTeX/fonts/type1/u
rw/times/utmr8a.pfb><C:/Jie/software/MiKTeX/fonts/type1/urw/times/utmri8a.pfb>
Output written on ThesisMainFile.pdf (132 pages, 6222826 bytes).
PDF statistics:
 2723 PDF objects out of 2984 (max. 8388607)
 482 named destinations out of 1000 (max. 500000)
 1171 words of extra memory for PDF output out of 10000 (max. 10000000)

