\BOOKMARK [0][-]{chapter*.4}{Abstract}{}% 1
\BOOKMARK [0][-]{chapter*.5}{Keywords}{}% 2
\BOOKMARK [0][-]{chapter*.6}{Acknowledgments}{}% 3
\BOOKMARK [0][-]{chapter*.8}{List of Figures}{}% 4
\BOOKMARK [0][-]{chapter*.9}{List of Tables}{}% 5
\BOOKMARK [0][-]{chapter.1}{Introduction}{}% 6
\BOOKMARK [1][-]{section.1.1}{Motivation and background}{chapter.1}% 7
\BOOKMARK [1][-]{section.1.2}{Basic concepts}{chapter.1}% 8
\BOOKMARK [2][-]{subsection.1.2.1}{Environment audio data}{section.1.2}% 9
\BOOKMARK [2][-]{subsection.1.2.2}{Audio data analysis}{section.1.2}% 10
\BOOKMARK [2][-]{subsection.1.2.3}{Frog call structure}{section.1.2}% 11
\BOOKMARK [2][-]{subsection.1.2.4}{Acoustic event and background noise}{section.1.2}% 12
\BOOKMARK [2][-]{subsection.1.2.5}{Frog call classification}{section.1.2}% 13
\BOOKMARK [2][-]{subsection.1.2.6}{Research problem}{section.1.2}% 14
\BOOKMARK [2][-]{subsection.1.2.7}{Research questions}{section.1.2}% 15
\BOOKMARK [2][-]{subsection.1.2.8}{Aims and objectives}{section.1.2}% 16
\BOOKMARK [2][-]{subsection.1.2.9}{Significance and contributions}{section.1.2}% 17
\BOOKMARK [2][-]{subsection.1.2.10}{Thesis structure}{section.1.2}% 18
\BOOKMARK [0][-]{chapter.2}{Literature Review}{}% 19
\BOOKMARK [1][-]{section.2.1}{Introduction}{chapter.2}% 20
\BOOKMARK [1][-]{section.2.2}{Signal pre-processing}{chapter.2}% 21
\BOOKMARK [2][-]{subsection.2.2.1}{Signal processing}{section.2.2}% 22
\BOOKMARK [2][-]{subsection.2.2.2}{Noise reduction}{section.2.2}% 23
\BOOKMARK [2][-]{subsection.2.2.3}{Syllable segmentation}{section.2.2}% 24
\BOOKMARK [1][-]{section.2.3}{Acoustic features for frog call classification}{chapter.2}% 25
\BOOKMARK [2][-]{subsection.2.3.1}{Time domain and frequency domain features for frog call classification}{section.2.3}% 26
\BOOKMARK [2][-]{subsection.2.3.2}{Time-frequency features for frog call classification}{section.2.3}% 27
\BOOKMARK [2][-]{subsection.2.3.3}{Cepstral features for frog call classification}{section.2.3}% 28
\BOOKMARK [2][-]{subsection.2.3.4}{Other features for frog call classification}{section.2.3}% 29
\BOOKMARK [1][-]{section.2.4}{Classifiers}{chapter.2}% 30
\BOOKMARK [1][-]{section.2.5}{Experiment results of the state-of-the-art methods}{chapter.2}% 31
\BOOKMARK [2][-]{subsection.2.5.1}{Evaluation criteria}{section.2.5}% 32
\BOOKMARK [2][-]{subsection.2.5.2}{Experiment results for summarization}{section.2.5}% 33
\BOOKMARK [1][-]{section.2.6}{Discussion and future work}{chapter.2}% 34
\BOOKMARK [2][-]{subsection.2.6.1}{Database}{section.2.6}% 35
\BOOKMARK [2][-]{subsection.2.6.2}{Signal pre-processing}{section.2.6}% 36
\BOOKMARK [2][-]{subsection.2.6.3}{Acoustic features}{section.2.6}% 37
\BOOKMARK [2][-]{subsection.2.6.4}{Classifiers}{section.2.6}% 38
\BOOKMARK [1][-]{section.2.7}{Conclusions}{chapter.2}% 39
\BOOKMARK [0][-]{chapter.3}{Methodology}{}% 40
\BOOKMARK [1][-]{section.3.1}{Feature extraction}{chapter.3}% 41
\BOOKMARK [2][-]{subsection.3.1.1}{Introduction}{section.3.1}% 42
\BOOKMARK [2][-]{subsection.3.1.2}{Various features used in the literature}{section.3.1}% 43
\BOOKMARK [1][-]{section.3.2}{Classification}{chapter.3}% 44
\BOOKMARK [2][-]{subsection.3.2.1}{Introduction}{section.3.2}% 45
\BOOKMARK [2][-]{subsection.3.2.2}{Classifiers}{section.3.2}% 46
\BOOKMARK [1][-]{section.3.3}{Conclusion}{chapter.3}% 47
\BOOKMARK [0][-]{chapter.4}{Frog call classification based on enhanced features and machine learning algorithms}{}% 48
\BOOKMARK [1][-]{section.4.1}{Introduction}{chapter.4}% 49
\BOOKMARK [1][-]{section.4.2}{Journal paper - Acoustic classification of Australian frogs based on enhanced features and machine learning algorithms}{chapter.4}% 50
\BOOKMARK [0][-]{chapter.5}{Adaptive frequency scaled wavelet packet decomposition for frog call classification}{}% 51
\BOOKMARK [1][-]{section.5.1}{Introduction}{chapter.5}% 52
\BOOKMARK [1][-]{section.5.2}{Journal paper - }{chapter.5}% 53
\BOOKMARK [0][-]{chapter.6}{Multiple-instance multiple-label learning for the classification of frog calls with acoustic event detection}{}% 54
\BOOKMARK [1][-]{section.6.1}{Introduction}{chapter.6}% 55
\BOOKMARK [1][-]{section.6.2}{Conference paper - }{chapter.6}% 56
\BOOKMARK [0][-]{chapter.7}{Detecting frog calling activity based on acoustic event detection and multi-label learning}{}% 57
\BOOKMARK [1][-]{section.7.1}{Introduction}{chapter.7}% 58
\BOOKMARK [1][-]{section.7.2}{Conference paper - Detecting frog calling activity based on acoustic event detection and multi-label learning}{chapter.7}% 59
\BOOKMARK [0][-]{chapter.8}{Conclusions and Future work}{}% 60
\BOOKMARK [1][-]{section.8.1}{Summary of results and contributions}{chapter.8}% 61
\BOOKMARK [1][-]{section.8.2}{Limitations and further research}{chapter.8}% 62
\BOOKMARK [0][-]{appendix.I}{Frog species studied in this study}{}% 63
\BOOKMARK [0][-]{appendix*.53}{Literature Cited}{}% 64
